0 info it worked if it ends with ok
1 verbose cli [ 'C:\\Program Files\\nodejs\\\\node.exe',
1 verbose cli   'C:\\Program Files\\nodejs\\node_modules\\npm\\bin\\npm-cli.js',
1 verbose cli   'install',
1 verbose cli   'ntwitter' ]
2 info using npm@1.2.32
3 info using node@v0.10.12
4 verbose node symlink C:\Program Files\nodejs\\node.exe
5 verbose read json C:\Users\HARADA\Dropbox\0-1.github.io.js\chimanaco.github.io\threejs\nodejs\SampleApp\package.json
6 warn package.json application-name@0.0.1 No repository field.
7 warn package.json application-name@0.0.1 No readme data.
8 verbose read json C:\Users\HARADA\Dropbox\0-1.github.io.js\chimanaco.github.io\threejs\nodejs\SampleApp\node_modules\ejs\package.json
9 verbose read json C:\Users\HARADA\Dropbox\0-1.github.io.js\chimanaco.github.io\threejs\nodejs\SampleApp\node_modules\express\package.json
10 verbose read json C:\Users\HARADA\Dropbox\0-1.github.io.js\chimanaco.github.io\threejs\nodejs\SampleApp\node_modules\socket.io\package.json
11 verbose from cache C:\Users\HARADA\Dropbox\0-1.github.io.js\chimanaco.github.io\threejs\nodejs\SampleApp\package.json
12 verbose readDependencies using package.json deps
13 verbose cache add [ 'ntwitter', null ]
14 verbose cache add name=undefined spec="ntwitter" args=["ntwitter",null]
15 verbose parsed url { protocol: null,
15 verbose parsed url   slashes: null,
15 verbose parsed url   auth: null,
15 verbose parsed url   host: null,
15 verbose parsed url   port: null,
15 verbose parsed url   hostname: null,
15 verbose parsed url   hash: null,
15 verbose parsed url   search: null,
15 verbose parsed url   query: null,
15 verbose parsed url   pathname: 'ntwitter',
15 verbose parsed url   path: 'ntwitter',
15 verbose parsed url   href: 'ntwitter' }
16 silly lockFile 2bfbd1a3-ntwitter ntwitter
17 verbose lock ntwitter C:\Users\HARADA\AppData\Roaming\npm-cache\2bfbd1a3-ntwitter.lock
18 silly lockFile 2bfbd1a3-ntwitter ntwitter
19 silly lockFile 2bfbd1a3-ntwitter ntwitter
20 verbose addNamed [ 'ntwitter', '' ]
21 verbose addNamed [ null, '' ]
22 silly lockFile f01a5877-ntwitter ntwitter@
23 verbose lock ntwitter@ C:\Users\HARADA\AppData\Roaming\npm-cache\f01a5877-ntwitter.lock
24 silly addNameRange { name: 'ntwitter', range: '', hasData: false }
25 verbose url raw ntwitter
26 verbose url resolving [ 'https://registry.npmjs.org/', './ntwitter' ]
27 verbose url resolved https://registry.npmjs.org/ntwitter
28 info trying registry request attempt 1 at 17:19:21
29 http GET https://registry.npmjs.org/ntwitter
30 http 200 https://registry.npmjs.org/ntwitter
31 silly registry.get cb [ 200,
31 silly registry.get   { vary: 'Accept',
31 silly registry.get     server: 'CouchDB/1.3.1 (Erlang OTP/R15B03)',
31 silly registry.get     etag: '"9NM9IWKSRTL46ZP8ENY3OR49A"',
31 silly registry.get     date: 'Fri, 04 Oct 2013 00:19:24 GMT',
31 silly registry.get     'content-type': 'application/json',
31 silly registry.get     'content-length': '51809' } ]
32 silly addNameRange number 2 { name: 'ntwitter', range: '', hasData: true }
33 silly addNameRange versions [ 'ntwitter',
33 silly addNameRange   [ '0.2.0',
33 silly addNameRange     '0.2.1',
33 silly addNameRange     '0.2.2',
33 silly addNameRange     '0.2.2-1',
33 silly addNameRange     '0.2.3',
33 silly addNameRange     '0.2.4',
33 silly addNameRange     '0.2.4-1',
33 silly addNameRange     '0.2.5',
33 silly addNameRange     '0.2.6',
33 silly addNameRange     '0.2.6-1',
33 silly addNameRange     '0.2.7',
33 silly addNameRange     '0.2.7-1',
33 silly addNameRange     '0.2.7-2',
33 silly addNameRange     '0.2.8',
33 silly addNameRange     '0.2.9',
33 silly addNameRange     '0.2.9-2',
33 silly addNameRange     '0.2.10',
33 silly addNameRange     '0.3.0',
33 silly addNameRange     '0.3.1',
33 silly addNameRange     '0.4.0',
33 silly addNameRange     '0.4.1',
33 silly addNameRange     '0.5.0' ] ]
34 verbose addNamed [ 'ntwitter', '0.5.0' ]
35 verbose addNamed [ '0.5.0', '0.5.0' ]
36 silly lockFile e3570b8e-ntwitter-0-5-0 ntwitter@0.5.0
37 verbose lock ntwitter@0.5.0 C:\Users\HARADA\AppData\Roaming\npm-cache\e3570b8e-ntwitter-0-5-0.lock
38 silly lockFile 6d9ee9c8--org-ntwitter-ntwitter-0-5-0-tgz https://registry.npmjs.org/ntwitter/-/ntwitter-0.5.0.tgz
39 verbose lock https://registry.npmjs.org/ntwitter/-/ntwitter-0.5.0.tgz C:\Users\HARADA\AppData\Roaming\npm-cache\6d9ee9c8--org-ntwitter-ntwitter-0-5-0-tgz.lock
40 verbose addRemoteTarball [ 'https://registry.npmjs.org/ntwitter/-/ntwitter-0.5.0.tgz',
40 verbose addRemoteTarball   '30c40105f82432fa8956a4f7655de932af631534' ]
41 info retry fetch attempt 1 at 17:19:22
42 verbose fetch to= C:\Users\HARADA\AppData\Local\Temp\npm-6844\1380845962670-0.581689826445654\tmp.tgz
43 http GET https://registry.npmjs.org/ntwitter/-/ntwitter-0.5.0.tgz
44 http 200 https://registry.npmjs.org/ntwitter/-/ntwitter-0.5.0.tgz
45 verbose tar unpack C:\Users\HARADA\AppData\Local\Temp\npm-6844\1380845962670-0.581689826445654\tmp.tgz
46 silly lockFile adfee8b5-962670-0-581689826445654-package tar://C:\Users\HARADA\AppData\Local\Temp\npm-6844\1380845962670-0.581689826445654\package
47 verbose lock tar://C:\Users\HARADA\AppData\Local\Temp\npm-6844\1380845962670-0.581689826445654\package C:\Users\HARADA\AppData\Roaming\npm-cache\adfee8b5-962670-0-581689826445654-package.lock
48 silly lockFile 8678dbca-962670-0-581689826445654-tmp-tgz tar://C:\Users\HARADA\AppData\Local\Temp\npm-6844\1380845962670-0.581689826445654\tmp.tgz
49 verbose lock tar://C:\Users\HARADA\AppData\Local\Temp\npm-6844\1380845962670-0.581689826445654\tmp.tgz C:\Users\HARADA\AppData\Roaming\npm-cache\8678dbca-962670-0-581689826445654-tmp-tgz.lock
50 silly gunzTarPerm modes [ '755', '644' ]
51 silly gunzTarPerm extractEntry package.json
52 silly gunzTarPerm modified mode [ 'package.json', 438, 420 ]
53 silly gunzTarPerm extractEntry .npmignore
54 silly gunzTarPerm modified mode [ '.npmignore', 438, 420 ]
55 silly gunzTarPerm extractEntry README.md
56 silly gunzTarPerm modified mode [ 'README.md', 438, 420 ]
57 silly gunzTarPerm extractEntry LICENSE
58 silly gunzTarPerm modified mode [ 'LICENSE', 438, 420 ]
59 silly gunzTarPerm extractEntry index.js
60 silly gunzTarPerm modified mode [ 'index.js', 438, 420 ]
61 silly gunzTarPerm extractEntry lib/keys.js
62 silly gunzTarPerm modified mode [ 'lib/keys.js', 438, 420 ]
63 silly gunzTarPerm extractEntry lib/parser.js
64 silly gunzTarPerm modified mode [ 'lib/parser.js', 438, 420 ]
65 silly gunzTarPerm extractEntry lib/twitter.js
66 silly gunzTarPerm modified mode [ 'lib/twitter.js', 438, 420 ]
67 silly gunzTarPerm extractEntry lib/utils.js
68 silly gunzTarPerm modified mode [ 'lib/utils.js', 438, 420 ]
69 silly gunzTarPerm extractEntry test/memory.js
70 silly gunzTarPerm modified mode [ 'test/memory.js', 438, 420 ]
71 silly gunzTarPerm extractEntry test/trend.js
72 silly gunzTarPerm modified mode [ 'test/trend.js', 438, 420 ]
73 silly gunzTarPerm extractEntry test/memory.txt
74 silly gunzTarPerm modified mode [ 'test/memory.txt', 438, 420 ]
75 verbose read json C:\Users\HARADA\AppData\Local\Temp\npm-6844\1380845962670-0.581689826445654\package\package.json
76 silly lockFile adfee8b5-962670-0-581689826445654-package tar://C:\Users\HARADA\AppData\Local\Temp\npm-6844\1380845962670-0.581689826445654\package
77 silly lockFile adfee8b5-962670-0-581689826445654-package tar://C:\Users\HARADA\AppData\Local\Temp\npm-6844\1380845962670-0.581689826445654\package
78 silly lockFile 8678dbca-962670-0-581689826445654-tmp-tgz tar://C:\Users\HARADA\AppData\Local\Temp\npm-6844\1380845962670-0.581689826445654\tmp.tgz
79 silly lockFile 8678dbca-962670-0-581689826445654-tmp-tgz tar://C:\Users\HARADA\AppData\Local\Temp\npm-6844\1380845962670-0.581689826445654\tmp.tgz
80 verbose from cache C:\Users\HARADA\AppData\Local\Temp\npm-6844\1380845962670-0.581689826445654\package\package.json
81 verbose tar pack [ 'C:\\Users\\HARADA\\AppData\\Roaming\\npm-cache\\ntwitter\\0.5.0\\package.tgz',
81 verbose tar pack   'C:\\Users\\HARADA\\AppData\\Local\\Temp\\npm-6844\\1380845962670-0.581689826445654\\package' ]
82 verbose tarball C:\Users\HARADA\AppData\Roaming\npm-cache\ntwitter\0.5.0\package.tgz
83 verbose folder C:\Users\HARADA\AppData\Local\Temp\npm-6844\1380845962670-0.581689826445654\package
84 silly lockFile adfee8b5-962670-0-581689826445654-package tar://C:\Users\HARADA\AppData\Local\Temp\npm-6844\1380845962670-0.581689826445654\package
85 verbose lock tar://C:\Users\HARADA\AppData\Local\Temp\npm-6844\1380845962670-0.581689826445654\package C:\Users\HARADA\AppData\Roaming\npm-cache\adfee8b5-962670-0-581689826445654-package.lock
86 silly lockFile 4603882e-cache-ntwitter-0-5-0-package-tgz tar://C:\Users\HARADA\AppData\Roaming\npm-cache\ntwitter\0.5.0\package.tgz
87 verbose lock tar://C:\Users\HARADA\AppData\Roaming\npm-cache\ntwitter\0.5.0\package.tgz C:\Users\HARADA\AppData\Roaming\npm-cache\4603882e-cache-ntwitter-0-5-0-package-tgz.lock
88 silly lockFile adfee8b5-962670-0-581689826445654-package tar://C:\Users\HARADA\AppData\Local\Temp\npm-6844\1380845962670-0.581689826445654\package
89 silly lockFile adfee8b5-962670-0-581689826445654-package tar://C:\Users\HARADA\AppData\Local\Temp\npm-6844\1380845962670-0.581689826445654\package
90 silly lockFile 4603882e-cache-ntwitter-0-5-0-package-tgz tar://C:\Users\HARADA\AppData\Roaming\npm-cache\ntwitter\0.5.0\package.tgz
91 silly lockFile 4603882e-cache-ntwitter-0-5-0-package-tgz tar://C:\Users\HARADA\AppData\Roaming\npm-cache\ntwitter\0.5.0\package.tgz
92 silly lockFile 85f2fb77-npm-cache-ntwitter-0-5-0-package C:\Users\HARADA\AppData\Roaming\npm-cache\ntwitter\0.5.0\package
93 verbose lock C:\Users\HARADA\AppData\Roaming\npm-cache\ntwitter\0.5.0\package C:\Users\HARADA\AppData\Roaming\npm-cache\85f2fb77-npm-cache-ntwitter-0-5-0-package.lock
94 silly lockFile 85f2fb77-npm-cache-ntwitter-0-5-0-package C:\Users\HARADA\AppData\Roaming\npm-cache\ntwitter\0.5.0\package
95 silly lockFile 85f2fb77-npm-cache-ntwitter-0-5-0-package C:\Users\HARADA\AppData\Roaming\npm-cache\ntwitter\0.5.0\package
96 verbose tar unpack C:\Users\HARADA\AppData\Roaming\npm-cache\ntwitter\0.5.0\package.tgz
97 silly lockFile b20d630e-npm-cache-ntwitter-0-5-0-package tar://C:\Users\HARADA\AppData\Roaming\npm-cache\ntwitter\0.5.0\package
98 verbose lock tar://C:\Users\HARADA\AppData\Roaming\npm-cache\ntwitter\0.5.0\package C:\Users\HARADA\AppData\Roaming\npm-cache\b20d630e-npm-cache-ntwitter-0-5-0-package.lock
99 silly lockFile 4603882e-cache-ntwitter-0-5-0-package-tgz tar://C:\Users\HARADA\AppData\Roaming\npm-cache\ntwitter\0.5.0\package.tgz
100 verbose lock tar://C:\Users\HARADA\AppData\Roaming\npm-cache\ntwitter\0.5.0\package.tgz C:\Users\HARADA\AppData\Roaming\npm-cache\4603882e-cache-ntwitter-0-5-0-package-tgz.lock
101 silly gunzTarPerm modes [ '755', '644' ]
102 silly gunzTarPerm extractEntry package.json
103 silly gunzTarPerm modified mode [ 'package.json', 438, 420 ]
104 silly gunzTarPerm extractEntry .npmignore
105 silly gunzTarPerm modified mode [ '.npmignore', 438, 420 ]
106 silly gunzTarPerm extractEntry README.md
107 silly gunzTarPerm modified mode [ 'README.md', 438, 420 ]
108 silly gunzTarPerm extractEntry LICENSE
109 silly gunzTarPerm modified mode [ 'LICENSE', 438, 420 ]
110 silly gunzTarPerm extractEntry index.js
111 silly gunzTarPerm modified mode [ 'index.js', 438, 420 ]
112 silly gunzTarPerm extractEntry lib/keys.js
113 silly gunzTarPerm modified mode [ 'lib/keys.js', 438, 420 ]
114 silly gunzTarPerm extractEntry lib/parser.js
115 silly gunzTarPerm modified mode [ 'lib/parser.js', 438, 420 ]
116 silly gunzTarPerm extractEntry lib/twitter.js
117 silly gunzTarPerm modified mode [ 'lib/twitter.js', 438, 420 ]
118 silly gunzTarPerm extractEntry lib/utils.js
119 silly gunzTarPerm modified mode [ 'lib/utils.js', 438, 420 ]
120 silly gunzTarPerm extractEntry test/memory.js
121 silly gunzTarPerm modified mode [ 'test/memory.js', 438, 420 ]
122 silly gunzTarPerm extractEntry test/trend.js
123 silly gunzTarPerm modified mode [ 'test/trend.js', 438, 420 ]
124 silly gunzTarPerm extractEntry test/memory.txt
125 silly gunzTarPerm modified mode [ 'test/memory.txt', 438, 420 ]
126 verbose read json C:\Users\HARADA\AppData\Roaming\npm-cache\ntwitter\0.5.0\package\package.json
127 silly lockFile b20d630e-npm-cache-ntwitter-0-5-0-package tar://C:\Users\HARADA\AppData\Roaming\npm-cache\ntwitter\0.5.0\package
128 silly lockFile b20d630e-npm-cache-ntwitter-0-5-0-package tar://C:\Users\HARADA\AppData\Roaming\npm-cache\ntwitter\0.5.0\package
129 silly lockFile 4603882e-cache-ntwitter-0-5-0-package-tgz tar://C:\Users\HARADA\AppData\Roaming\npm-cache\ntwitter\0.5.0\package.tgz
130 silly lockFile 4603882e-cache-ntwitter-0-5-0-package-tgz tar://C:\Users\HARADA\AppData\Roaming\npm-cache\ntwitter\0.5.0\package.tgz
131 verbose from cache C:\Users\HARADA\AppData\Roaming\npm-cache\ntwitter\0.5.0\package\package.json
132 verbose chmod C:\Users\HARADA\AppData\Roaming\npm-cache\ntwitter\0.5.0\package.tgz 644
133 silly chown skipping for windows C:\Users\HARADA\AppData\Roaming\npm-cache\ntwitter\0.5.0\package.tgz
134 silly lockFile 6d9ee9c8--org-ntwitter-ntwitter-0-5-0-tgz https://registry.npmjs.org/ntwitter/-/ntwitter-0.5.0.tgz
135 silly lockFile 6d9ee9c8--org-ntwitter-ntwitter-0-5-0-tgz https://registry.npmjs.org/ntwitter/-/ntwitter-0.5.0.tgz
136 silly lockFile e3570b8e-ntwitter-0-5-0 ntwitter@0.5.0
137 silly lockFile e3570b8e-ntwitter-0-5-0 ntwitter@0.5.0
138 silly lockFile f01a5877-ntwitter ntwitter@
139 silly lockFile f01a5877-ntwitter ntwitter@
140 silly resolved [ { name: 'ntwitter',
140 silly resolved     version: '0.5.0',
140 silly resolved     description: 'Asynchronous Twitter REST/stream/search client API for node.js.',
140 silly resolved     keywords: [ 'twitter', 'streaming', 'oauth' ],
140 silly resolved     homepage: 'https://github.com/AvianFlu/ntwitter',
140 silly resolved     author: { name: 'jdub, changes by AvianFlu' },
140 silly resolved     licenses:
140 silly resolved      { type: 'MIT',
140 silly resolved        url: 'http://github.com/AvianFlu/ntwitter/raw/master/LICENSE' },
140 silly resolved     repository: { type: 'git', url: 'http://github.com/AvianFlu/ntwitter.git' },
140 silly resolved     dependencies: { oauth: '>=0.8.4', cookies: '0.1.x', keygrip: '0.2.x' },
140 silly resolved     devDependencies: { should: '*', mocha: '*' },
140 silly resolved     engines: { node: '>=0.4.0' },
140 silly resolved     main: './lib/twitter',
140 silly resolved     readme: 'Asynchronous Twitter client API for node.js\n===========================================\n\n[ntwitter](http://github.com/AvianFlu/ntwitter) is an improved version of jdub\'s [node-twitter](http://github.com/jdub/node-twitter), which in turn was inspired by, and uses some code from, technoweenie\'s [twitter-node](http://github.com/technoweenie/twitter-node).\n\n\n## Installation\n\nYou can install ntwitter and its dependencies with npm: `npm install ntwitter`.\n\n\n## Getting started\n\nThis library is, for the most part, the same API as `node-twitter`. Much of the documentation below is straight from `node-twitter` - credit goes to [jdub](http://github.com/jdub) for putting all this together in the first place. \n\nThe most significant API change involves error handling in callbacks. Callbacks now receive the error as a separate parameter, rather than as part of the data. This is consistent with node\'s standard library. Callbacks should now look something like this:\n\n``` javascript\nfunction (err, result) {\n  if (err) return callback(err);\n\n  // Do something with \'result\' here\n}\n```\n\nWhere `callback` is the parent function\'s callback.  (Or any other function you want to call on error.)\n\n\n### Setup API \n\nThe keys listed below can be obtained from [dev.twitter.com](http://dev.twitter.com) after [setting up a new App](https://dev.twitter.com/apps/new).\n\n``` javascript\nvar twitter = require(\'ntwitter\');\n\nvar twit = new twitter({\n  consumer_key: \'Twitter\',\n  consumer_secret: \'API\',\n  access_token_key: \'keys\',\n  access_token_secret: \'go here\'\n});\n```\n\n\n### REST API \n\nInteraction with other parts of Twitter is accomplished through their RESTful API.\nThe best documentation for this exists at [dev.twitter.com](http://dev.twitter.com).  Convenience methods exist\nfor many of the available methods, but some may be more up-to-date than others.\nIf your Twitter interaction is very important, double-check the parameters in the code with \nTwitter\'s current documentation.\n\nNote that all functions may be chained:\n\n``` javascript\ntwit\n  .verifyCredentials(function (err, data) {\n    console.log(data);\n  })\n  .updateStatus(\'Test tweet from ntwitter/\' + twitter.VERSION,\n    function (err, data) {\n      console.log(data);\n    }\n  );\n```\n\n### Search API \n\n``` javascript\ntwit.search(\'nodejs OR #node\', {}, function(err, data) {\n  console.log(data);\n});\n```\n\n### Streaming API \n\nThe stream() callback receives a Stream-like EventEmitter.\n\nHere is an example of how to call the `statuses/sample` method:\n\n``` javascript\ntwit.stream(\'statuses/sample\', function(stream) {\n  stream.on(\'data\', function (data) {\n    console.log(data);\n  });\n});\n```\n        \nHere is an example of how to call the \'statuses/filter\' method with a bounding box over San Fransisco and New York City ( see streaming api for more details on [locations](https://dev.twitter.com/docs/streaming-api/methods#locations) ):\n\n``` javascript\ntwit.stream(\'statuses/filter\', {\'locations\':\'-122.75,36.8,-121.75,37.8,-74,40,-73,41\'}, function(stream) {\n  stream.on(\'data\', function (data) {\n    console.log(data);\n  });\n});\n```\n\nntwitter also supports user and site streams:\n\n``` javascript\ntwit.stream(\'user\', {track:\'nodejs\'}, function(stream) {\n  stream.on(\'data\', function (data) {\n    console.log(data);\n  });\n  stream.on(\'end\', function (response) {\n    // Handle a disconnection\n  });\n  stream.on(\'destroy\', function (response) {\n    // Handle a \'silent\' disconnection from Twitter, no end/error event fired\n  });\n  // Disconnect stream after five seconds\n  setTimeout(stream.destroy, 5000);\n});\n```\n\n## Contributors\n\n[Lots of people contribute to this project. You should too!](https://github.com/AvianFlu/ntwitter/contributors)\n\n## TODO\n\n- Complete the convenience functions, preferably generated\n- Support [recommended reconnection behaviour](https://dev.twitter.com/docs/streaming-apis/connecting#Best_practices) for the streaming APIs\n\n',
140 silly resolved     readmeFilename: 'README.md',
140 silly resolved     bugs: { url: 'https://github.com/AvianFlu/ntwitter/issues' },
140 silly resolved     _id: 'ntwitter@0.5.0',
140 silly resolved     dist: { shasum: '1570eec759c599055b5cb26f7ca1b43d909115ec' },
140 silly resolved     _from: 'ntwitter@',
140 silly resolved     _resolved: 'https://registry.npmjs.org/ntwitter/-/ntwitter-0.5.0.tgz' } ]
141 info install ntwitter@0.5.0 into C:\Users\HARADA\Dropbox\0-1.github.io.js\chimanaco.github.io\threejs\nodejs\SampleApp
142 info installOne ntwitter@0.5.0
143 verbose from cache C:\Users\HARADA\AppData\Roaming\npm-cache\ntwitter\0.5.0\package\package.json
144 info C:\Users\HARADA\Dropbox\0-1.github.io.js\chimanaco.github.io\threejs\nodejs\SampleApp\node_modules\ntwitter unbuild
145 verbose read json C:\Users\HARADA\Dropbox\0-1.github.io.js\chimanaco.github.io\threejs\nodejs\SampleApp\node_modules\ntwitter\package.json
146 verbose tar unpack C:\Users\HARADA\AppData\Roaming\npm-cache\ntwitter\0.5.0\package.tgz
147 silly lockFile 687be0ad--SampleApp-node-modules-ntwitter tar://C:\Users\HARADA\Dropbox\0-1.github.io.js\chimanaco.github.io\threejs\nodejs\SampleApp\node_modules\ntwitter
148 verbose lock tar://C:\Users\HARADA\Dropbox\0-1.github.io.js\chimanaco.github.io\threejs\nodejs\SampleApp\node_modules\ntwitter C:\Users\HARADA\AppData\Roaming\npm-cache\687be0ad--SampleApp-node-modules-ntwitter.lock
149 silly lockFile 4603882e-cache-ntwitter-0-5-0-package-tgz tar://C:\Users\HARADA\AppData\Roaming\npm-cache\ntwitter\0.5.0\package.tgz
150 verbose lock tar://C:\Users\HARADA\AppData\Roaming\npm-cache\ntwitter\0.5.0\package.tgz C:\Users\HARADA\AppData\Roaming\npm-cache\4603882e-cache-ntwitter-0-5-0-package-tgz.lock
151 silly gunzTarPerm modes [ '755', '644' ]
152 silly gunzTarPerm extractEntry package.json
153 silly gunzTarPerm modified mode [ 'package.json', 438, 420 ]
154 silly gunzTarPerm extractEntry .npmignore
155 silly gunzTarPerm modified mode [ '.npmignore', 438, 420 ]
156 silly gunzTarPerm extractEntry README.md
157 silly gunzTarPerm modified mode [ 'README.md', 438, 420 ]
158 silly gunzTarPerm extractEntry LICENSE
159 silly gunzTarPerm modified mode [ 'LICENSE', 438, 420 ]
160 silly gunzTarPerm extractEntry index.js
161 silly gunzTarPerm modified mode [ 'index.js', 438, 420 ]
162 silly gunzTarPerm extractEntry lib/keys.js
163 silly gunzTarPerm modified mode [ 'lib/keys.js', 438, 420 ]
164 silly gunzTarPerm extractEntry lib/parser.js
165 silly gunzTarPerm modified mode [ 'lib/parser.js', 438, 420 ]
166 silly gunzTarPerm extractEntry lib/twitter.js
167 silly gunzTarPerm modified mode [ 'lib/twitter.js', 438, 420 ]
168 silly gunzTarPerm extractEntry lib/utils.js
169 silly gunzTarPerm modified mode [ 'lib/utils.js', 438, 420 ]
170 silly gunzTarPerm extractEntry test/memory.js
171 silly gunzTarPerm modified mode [ 'test/memory.js', 438, 420 ]
172 silly gunzTarPerm extractEntry test/trend.js
173 silly gunzTarPerm modified mode [ 'test/trend.js', 438, 420 ]
174 silly gunzTarPerm extractEntry test/memory.txt
175 silly gunzTarPerm modified mode [ 'test/memory.txt', 438, 420 ]
176 verbose read json C:\Users\HARADA\Dropbox\0-1.github.io.js\chimanaco.github.io\threejs\nodejs\SampleApp\node_modules\ntwitter\package.json
177 silly lockFile 687be0ad--SampleApp-node-modules-ntwitter tar://C:\Users\HARADA\Dropbox\0-1.github.io.js\chimanaco.github.io\threejs\nodejs\SampleApp\node_modules\ntwitter
178 silly lockFile 687be0ad--SampleApp-node-modules-ntwitter tar://C:\Users\HARADA\Dropbox\0-1.github.io.js\chimanaco.github.io\threejs\nodejs\SampleApp\node_modules\ntwitter
179 silly lockFile 4603882e-cache-ntwitter-0-5-0-package-tgz tar://C:\Users\HARADA\AppData\Roaming\npm-cache\ntwitter\0.5.0\package.tgz
180 silly lockFile 4603882e-cache-ntwitter-0-5-0-package-tgz tar://C:\Users\HARADA\AppData\Roaming\npm-cache\ntwitter\0.5.0\package.tgz
181 info preinstall ntwitter@0.5.0
182 verbose from cache C:\Users\HARADA\Dropbox\0-1.github.io.js\chimanaco.github.io\threejs\nodejs\SampleApp\node_modules\ntwitter\package.json
183 verbose readDependencies using package.json deps
184 verbose from cache C:\Users\HARADA\Dropbox\0-1.github.io.js\chimanaco.github.io\threejs\nodejs\SampleApp\node_modules\ntwitter\package.json
185 verbose readDependencies using package.json deps
186 verbose cache add [ 'oauth@>=0.8.4', null ]
187 verbose cache add name=undefined spec="oauth@>=0.8.4" args=["oauth@>=0.8.4",null]
188 verbose parsed url { protocol: null,
188 verbose parsed url   slashes: null,
188 verbose parsed url   auth: null,
188 verbose parsed url   host: null,
188 verbose parsed url   port: null,
188 verbose parsed url   hostname: null,
188 verbose parsed url   hash: null,
188 verbose parsed url   search: null,
188 verbose parsed url   query: null,
188 verbose parsed url   pathname: 'oauth@%3E=0.8.4',
188 verbose parsed url   path: 'oauth@%3E=0.8.4',
188 verbose parsed url   href: 'oauth@%3E=0.8.4' }
189 verbose cache add name="oauth" spec=">=0.8.4" args=["oauth",">=0.8.4"]
190 verbose parsed url { protocol: null,
190 verbose parsed url   slashes: null,
190 verbose parsed url   auth: null,
190 verbose parsed url   host: null,
190 verbose parsed url   port: null,
190 verbose parsed url   hostname: null,
190 verbose parsed url   hash: null,
190 verbose parsed url   search: null,
190 verbose parsed url   query: null,
190 verbose parsed url   pathname: '%3E=0.8.4',
190 verbose parsed url   path: '%3E=0.8.4',
190 verbose parsed url   href: '%3E=0.8.4' }
191 verbose addNamed [ 'oauth', '>=0.8.4' ]
192 verbose addNamed [ null, '>=0.8.4' ]
193 silly lockFile c2399bc0-oauth-0-8-4 oauth@>=0.8.4
194 verbose lock oauth@>=0.8.4 C:\Users\HARADA\AppData\Roaming\npm-cache\c2399bc0-oauth-0-8-4.lock
195 verbose cache add [ 'cookies@0.1.x', null ]
196 verbose cache add name=undefined spec="cookies@0.1.x" args=["cookies@0.1.x",null]
197 verbose parsed url { protocol: null,
197 verbose parsed url   slashes: null,
197 verbose parsed url   auth: null,
197 verbose parsed url   host: null,
197 verbose parsed url   port: null,
197 verbose parsed url   hostname: null,
197 verbose parsed url   hash: null,
197 verbose parsed url   search: null,
197 verbose parsed url   query: null,
197 verbose parsed url   pathname: 'cookies@0.1.x',
197 verbose parsed url   path: 'cookies@0.1.x',
197 verbose parsed url   href: 'cookies@0.1.x' }
198 verbose cache add name="cookies" spec="0.1.x" args=["cookies","0.1.x"]
199 verbose parsed url { protocol: null,
199 verbose parsed url   slashes: null,
199 verbose parsed url   auth: null,
199 verbose parsed url   host: null,
199 verbose parsed url   port: null,
199 verbose parsed url   hostname: null,
199 verbose parsed url   hash: null,
199 verbose parsed url   search: null,
199 verbose parsed url   query: null,
199 verbose parsed url   pathname: '0.1.x',
199 verbose parsed url   path: '0.1.x',
199 verbose parsed url   href: '0.1.x' }
200 verbose addNamed [ 'cookies', '0.1.x' ]
201 verbose addNamed [ null, '>=0.1.0- <0.2.0-' ]
202 silly lockFile 42580c76-cookies-0-1-x cookies@0.1.x
203 verbose lock cookies@0.1.x C:\Users\HARADA\AppData\Roaming\npm-cache\42580c76-cookies-0-1-x.lock
204 verbose cache add [ 'keygrip@0.2.x', null ]
205 verbose cache add name=undefined spec="keygrip@0.2.x" args=["keygrip@0.2.x",null]
206 verbose parsed url { protocol: null,
206 verbose parsed url   slashes: null,
206 verbose parsed url   auth: null,
206 verbose parsed url   host: null,
206 verbose parsed url   port: null,
206 verbose parsed url   hostname: null,
206 verbose parsed url   hash: null,
206 verbose parsed url   search: null,
206 verbose parsed url   query: null,
206 verbose parsed url   pathname: 'keygrip@0.2.x',
206 verbose parsed url   path: 'keygrip@0.2.x',
206 verbose parsed url   href: 'keygrip@0.2.x' }
207 verbose cache add name="keygrip" spec="0.2.x" args=["keygrip","0.2.x"]
208 verbose parsed url { protocol: null,
208 verbose parsed url   slashes: null,
208 verbose parsed url   auth: null,
208 verbose parsed url   host: null,
208 verbose parsed url   port: null,
208 verbose parsed url   hostname: null,
208 verbose parsed url   hash: null,
208 verbose parsed url   search: null,
208 verbose parsed url   query: null,
208 verbose parsed url   pathname: '0.2.x',
208 verbose parsed url   path: '0.2.x',
208 verbose parsed url   href: '0.2.x' }
209 verbose addNamed [ 'keygrip', '0.2.x' ]
210 verbose addNamed [ null, '>=0.2.0- <0.3.0-' ]
211 silly lockFile 0a958370-keygrip-0-2-x keygrip@0.2.x
212 verbose lock keygrip@0.2.x C:\Users\HARADA\AppData\Roaming\npm-cache\0a958370-keygrip-0-2-x.lock
213 silly addNameRange { name: 'oauth', range: '>=0.8.4', hasData: false }
214 verbose url raw oauth
215 verbose url resolving [ 'https://registry.npmjs.org/', './oauth' ]
216 verbose url resolved https://registry.npmjs.org/oauth
217 info trying registry request attempt 1 at 17:19:24
218 http GET https://registry.npmjs.org/oauth
219 silly addNameRange { name: 'cookies', range: '>=0.1.0- <0.2.0-', hasData: false }
220 silly addNameRange { name: 'keygrip', range: '>=0.2.0- <0.3.0-', hasData: false }
221 verbose url raw cookies
222 verbose url resolving [ 'https://registry.npmjs.org/', './cookies' ]
223 verbose url resolved https://registry.npmjs.org/cookies
224 info trying registry request attempt 1 at 17:19:24
225 http GET https://registry.npmjs.org/cookies
226 verbose url raw keygrip
227 verbose url resolving [ 'https://registry.npmjs.org/', './keygrip' ]
228 verbose url resolved https://registry.npmjs.org/keygrip
229 info trying registry request attempt 1 at 17:19:24
230 http GET https://registry.npmjs.org/keygrip
231 http 200 https://registry.npmjs.org/keygrip
232 silly registry.get cb [ 200,
232 silly registry.get   { vary: 'Accept',
232 silly registry.get     server: 'CouchDB/1.3.1 (Erlang OTP/R15B03)',
232 silly registry.get     etag: '"A2J3E3CXQUENXBJRXKC95PY1"',
232 silly registry.get     date: 'Fri, 04 Oct 2013 00:19:27 GMT',
232 silly registry.get     'content-type': 'application/json',
232 silly registry.get     'content-length': '29290' } ]
233 silly addNameRange number 2 { name: 'keygrip', range: '>=0.2.0- <0.3.0-', hasData: true }
234 silly addNameRange versions [ 'keygrip',
234 silly addNameRange   [ '0.1.0',
234 silly addNameRange     '0.1.1',
234 silly addNameRange     '0.1.2',
234 silly addNameRange     '0.1.3',
234 silly addNameRange     '0.1.6',
234 silly addNameRange     '0.1.7',
234 silly addNameRange     '0.2.0',
234 silly addNameRange     '0.2.1',
234 silly addNameRange     '0.2.2',
234 silly addNameRange     '0.2.3',
234 silly addNameRange     '0.2.4' ] ]
235 verbose addNamed [ 'keygrip', '0.2.4' ]
236 verbose addNamed [ '0.2.4', '0.2.4' ]
237 silly lockFile acc371b7-keygrip-0-2-4 keygrip@0.2.4
238 verbose lock keygrip@0.2.4 C:\Users\HARADA\AppData\Roaming\npm-cache\acc371b7-keygrip-0-2-4.lock
239 silly lockFile e59fa2f4-js-org-keygrip-keygrip-0-2-4-tgz https://registry.npmjs.org/keygrip/-/keygrip-0.2.4.tgz
240 verbose lock https://registry.npmjs.org/keygrip/-/keygrip-0.2.4.tgz C:\Users\HARADA\AppData\Roaming\npm-cache\e59fa2f4-js-org-keygrip-keygrip-0-2-4-tgz.lock
241 http 200 https://registry.npmjs.org/oauth
242 silly registry.get cb [ 200,
242 silly registry.get   { vary: 'Accept',
242 silly registry.get     server: 'CouchDB/1.3.1 (Erlang OTP/R15B03)',
242 silly registry.get     etag: '"J8ZGIXO30IIXFAX7SJ97OE9T"',
242 silly registry.get     date: 'Fri, 04 Oct 2013 00:19:27 GMT',
242 silly registry.get     'content-type': 'application/json',
242 silly registry.get     'content-length': '29765' } ]
243 verbose addRemoteTarball [ 'https://registry.npmjs.org/keygrip/-/keygrip-0.2.4.tgz',
243 verbose addRemoteTarball   '9dd1b2e485a1162c9d4e6f787de87fc50f87bc58' ]
244 info retry fetch attempt 1 at 17:19:25
245 verbose fetch to= C:\Users\HARADA\AppData\Local\Temp\npm-6844\1380845965437-0.5207635045517236\tmp.tgz
246 http GET https://registry.npmjs.org/keygrip/-/keygrip-0.2.4.tgz
247 silly addNameRange number 2 { name: 'oauth', range: '>=0.8.4', hasData: true }
248 silly addNameRange versions [ 'oauth',
248 silly addNameRange   [ '0.7.4',
248 silly addNameRange     '0.7.5',
248 silly addNameRange     '0.7.6',
248 silly addNameRange     '0.7.7',
248 silly addNameRange     '0.8.0',
248 silly addNameRange     '0.8.1',
248 silly addNameRange     '0.8.2',
248 silly addNameRange     '0.8.3',
248 silly addNameRange     '0.8.4',
248 silly addNameRange     '0.9.0',
248 silly addNameRange     '0.9.1',
248 silly addNameRange     '0.9.2',
248 silly addNameRange     '0.9.3',
248 silly addNameRange     '0.9.4',
248 silly addNameRange     '0.9.5',
248 silly addNameRange     '0.9.6',
248 silly addNameRange     '0.9.7',
248 silly addNameRange     '0.9.8',
248 silly addNameRange     '0.9.9',
248 silly addNameRange     '0.9.10' ] ]
249 verbose addNamed [ 'oauth', '0.9.10' ]
250 verbose addNamed [ '0.9.10', '0.9.10' ]
251 silly lockFile 98e6713c-oauth-0-9-10 oauth@0.9.10
252 verbose lock oauth@0.9.10 C:\Users\HARADA\AppData\Roaming\npm-cache\98e6713c-oauth-0-9-10.lock
253 silly lockFile db781315-npmjs-org-oauth-oauth-0-9-10-tgz https://registry.npmjs.org/oauth/-/oauth-0.9.10.tgz
254 verbose lock https://registry.npmjs.org/oauth/-/oauth-0.9.10.tgz C:\Users\HARADA\AppData\Roaming\npm-cache\db781315-npmjs-org-oauth-oauth-0-9-10-tgz.lock
255 verbose addRemoteTarball [ 'https://registry.npmjs.org/oauth/-/oauth-0.9.10.tgz',
255 verbose addRemoteTarball   '7d356af319a16d889e581fa80f86bbd5ab454646' ]
256 info retry fetch attempt 1 at 17:19:25
257 verbose fetch to= C:\Users\HARADA\AppData\Local\Temp\npm-6844\1380845965468-0.8871545817237347\tmp.tgz
258 http GET https://registry.npmjs.org/oauth/-/oauth-0.9.10.tgz
259 http 200 https://registry.npmjs.org/cookies
260 silly registry.get cb [ 200,
260 silly registry.get   { vary: 'Accept',
260 silly registry.get     server: 'CouchDB/1.3.1 (Erlang OTP/R15B03)',
260 silly registry.get     etag: '"3EADNUV8POCJPN4PR078LW84U"',
260 silly registry.get     date: 'Fri, 04 Oct 2013 00:19:27 GMT',
260 silly registry.get     'content-type': 'application/json',
260 silly registry.get     'content-length': '88185' } ]
261 silly addNameRange number 2 { name: 'cookies', range: '>=0.1.0- <0.2.0-', hasData: true }
262 silly addNameRange versions [ 'cookies',
262 silly addNameRange   [ '0.1.0',
262 silly addNameRange     '0.1.1',
262 silly addNameRange     '0.1.2',
262 silly addNameRange     '0.1.3',
262 silly addNameRange     '0.1.4',
262 silly addNameRange     '0.1.5',
262 silly addNameRange     '0.1.6',
262 silly addNameRange     '0.2.0',
262 silly addNameRange     '0.2.1',
262 silly addNameRange     '0.2.2',
262 silly addNameRange     '0.2.3',
262 silly addNameRange     '0.3.0',
262 silly addNameRange     '0.3.1',
262 silly addNameRange     '0.3.2',
262 silly addNameRange     '0.3.3',
262 silly addNameRange     '0.3.4',
262 silly addNameRange     '0.3.5',
262 silly addNameRange     '0.3.6' ] ]
263 verbose addNamed [ 'cookies', '0.1.6' ]
264 verbose addNamed [ '0.1.6', '0.1.6' ]
265 silly lockFile 892f256d-cookies-0-1-6 cookies@0.1.6
266 verbose lock cookies@0.1.6 C:\Users\HARADA\AppData\Roaming\npm-cache\892f256d-cookies-0-1-6.lock
267 silly lockFile 9db0a98d-js-org-cookies-cookies-0-1-6-tgz https://registry.npmjs.org/cookies/-/cookies-0.1.6.tgz
268 verbose lock https://registry.npmjs.org/cookies/-/cookies-0.1.6.tgz C:\Users\HARADA\AppData\Roaming\npm-cache\9db0a98d-js-org-cookies-cookies-0-1-6-tgz.lock
269 verbose addRemoteTarball [ 'https://registry.npmjs.org/cookies/-/cookies-0.1.6.tgz',
269 verbose addRemoteTarball   '2129588b8b1e382ffba990d9f9cf9ddf2c142846' ]
270 info retry fetch attempt 1 at 17:19:25
271 verbose fetch to= C:\Users\HARADA\AppData\Local\Temp\npm-6844\1380845965553-0.14431795640848577\tmp.tgz
272 http GET https://registry.npmjs.org/cookies/-/cookies-0.1.6.tgz
273 http 200 https://registry.npmjs.org/keygrip/-/keygrip-0.2.4.tgz
274 http 200 https://registry.npmjs.org/oauth/-/oauth-0.9.10.tgz
275 verbose tar unpack C:\Users\HARADA\AppData\Local\Temp\npm-6844\1380845965437-0.5207635045517236\tmp.tgz
276 silly lockFile 6fa652a2-65437-0-5207635045517236-package tar://C:\Users\HARADA\AppData\Local\Temp\npm-6844\1380845965437-0.5207635045517236\package
277 verbose lock tar://C:\Users\HARADA\AppData\Local\Temp\npm-6844\1380845965437-0.5207635045517236\package C:\Users\HARADA\AppData\Roaming\npm-cache\6fa652a2-65437-0-5207635045517236-package.lock
278 silly lockFile db9d7814-65437-0-5207635045517236-tmp-tgz tar://C:\Users\HARADA\AppData\Local\Temp\npm-6844\1380845965437-0.5207635045517236\tmp.tgz
279 verbose lock tar://C:\Users\HARADA\AppData\Local\Temp\npm-6844\1380845965437-0.5207635045517236\tmp.tgz C:\Users\HARADA\AppData\Roaming\npm-cache\db9d7814-65437-0-5207635045517236-tmp-tgz.lock
280 silly gunzTarPerm modes [ '755', '644' ]
281 http 200 https://registry.npmjs.org/cookies/-/cookies-0.1.6.tgz
282 silly gunzTarPerm extractEntry package.json
283 verbose tar unpack C:\Users\HARADA\AppData\Local\Temp\npm-6844\1380845965468-0.8871545817237347\tmp.tgz
284 silly lockFile 24666e60-65468-0-8871545817237347-package tar://C:\Users\HARADA\AppData\Local\Temp\npm-6844\1380845965468-0.8871545817237347\package
285 verbose lock tar://C:\Users\HARADA\AppData\Local\Temp\npm-6844\1380845965468-0.8871545817237347\package C:\Users\HARADA\AppData\Roaming\npm-cache\24666e60-65468-0-8871545817237347-package.lock
286 silly lockFile 44c657f0-65468-0-8871545817237347-tmp-tgz tar://C:\Users\HARADA\AppData\Local\Temp\npm-6844\1380845965468-0.8871545817237347\tmp.tgz
287 verbose lock tar://C:\Users\HARADA\AppData\Local\Temp\npm-6844\1380845965468-0.8871545817237347\tmp.tgz C:\Users\HARADA\AppData\Roaming\npm-cache\44c657f0-65468-0-8871545817237347-tmp-tgz.lock
288 silly gunzTarPerm extractEntry .npmignore
289 silly gunzTarPerm extractEntry README.md
290 silly gunzTarPerm modes [ '755', '644' ]
291 silly gunzTarPerm extractEntry package.json
292 silly gunzTarPerm extractEntry .npmignore
293 silly gunzTarPerm extractEntry LICENSE
294 silly gunzTarPerm extractEntry index.js
295 silly gunzTarPerm extractEntry install.js
296 silly gunzTarPerm extractEntry test.js
297 silly gunzTarPerm extractEntry .travis.yml
298 silly gunzTarPerm extractEntry index.js
299 silly gunzTarPerm extractEntry examples/term.ie.oauth-HMAC-SHA1.js
300 silly gunzTarPerm extractEntry LICENSE.txt
301 verbose tar unpack C:\Users\HARADA\AppData\Local\Temp\npm-6844\1380845965553-0.14431795640848577\tmp.tgz
302 silly lockFile 8507812b-5553-0-14431795640848577-package tar://C:\Users\HARADA\AppData\Local\Temp\npm-6844\1380845965553-0.14431795640848577\package
303 verbose lock tar://C:\Users\HARADA\AppData\Local\Temp\npm-6844\1380845965553-0.14431795640848577\package C:\Users\HARADA\AppData\Roaming\npm-cache\8507812b-5553-0-14431795640848577-package.lock
304 silly lockFile e555fe5f-5553-0-14431795640848577-tmp-tgz tar://C:\Users\HARADA\AppData\Local\Temp\npm-6844\1380845965553-0.14431795640848577\tmp.tgz
305 verbose lock tar://C:\Users\HARADA\AppData\Local\Temp\npm-6844\1380845965553-0.14431795640848577\tmp.tgz C:\Users\HARADA\AppData\Roaming\npm-cache\e555fe5f-5553-0-14431795640848577-tmp-tgz.lock
306 silly gunzTarPerm modes [ '755', '644' ]
307 silly gunzTarPerm extractEntry examples/express-gdata/server.js
308 silly gunzTarPerm extractEntry examples/express-gdata/views/google_calendars.ejs
309 silly gunzTarPerm extractEntry
310 silly gunzTarPerm extractEntry ._index.js
311 silly gunzTarPerm extractEntry index.js
312 silly gunzTarPerm extractEntry lib/
313 silly gunzTarPerm extractEntry ._LICENSE.txt
314 silly gunzTarPerm extractEntry LICENSE.txt
315 silly gunzTarPerm extractEntry ._package.json
316 silly gunzTarPerm extractEntry package.json
317 silly gunzTarPerm extractEntry ._README.md
318 silly gunzTarPerm extractEntry README.md
319 silly gunzTarPerm extractEntry ._test.js
320 silly gunzTarPerm extractEntry test.js
321 silly gunzTarPerm extractEntry lib/._cookies.js
322 silly gunzTarPerm extractEntry lib/cookies.js
323 silly gunzTarPerm extractEntry examples/express-gdata/views/google_contacts.ejs
324 silly gunzTarPerm extractEntry examples/express-gdata/views/layout.ejs
325 silly gunzTarPerm extractEntry lib/_utils.js
326 silly gunzTarPerm extractEntry lib/oauth.js
327 silly gunzTarPerm extractEntry lib/oauth2.js
328 verbose read json C:\Users\HARADA\AppData\Local\Temp\npm-6844\1380845965437-0.5207635045517236\package\package.json
329 silly lockFile 6fa652a2-65437-0-5207635045517236-package tar://C:\Users\HARADA\AppData\Local\Temp\npm-6844\1380845965437-0.5207635045517236\package
330 silly lockFile 6fa652a2-65437-0-5207635045517236-package tar://C:\Users\HARADA\AppData\Local\Temp\npm-6844\1380845965437-0.5207635045517236\package
331 silly gunzTarPerm extractEntry lib/sha1.js
332 silly gunzTarPerm extractEntry Makefile
333 silly lockFile db9d7814-65437-0-5207635045517236-tmp-tgz tar://C:\Users\HARADA\AppData\Local\Temp\npm-6844\1380845965437-0.5207635045517236\tmp.tgz
334 silly lockFile db9d7814-65437-0-5207635045517236-tmp-tgz tar://C:\Users\HARADA\AppData\Local\Temp\npm-6844\1380845965437-0.5207635045517236\tmp.tgz
335 verbose from cache C:\Users\HARADA\AppData\Local\Temp\npm-6844\1380845965437-0.5207635045517236\package\package.json
336 verbose tar pack [ 'C:\\Users\\HARADA\\AppData\\Roaming\\npm-cache\\keygrip\\0.2.4\\package.tgz',
336 verbose tar pack   'C:\\Users\\HARADA\\AppData\\Local\\Temp\\npm-6844\\1380845965437-0.5207635045517236\\package' ]
337 verbose tarball C:\Users\HARADA\AppData\Roaming\npm-cache\keygrip\0.2.4\package.tgz
338 verbose folder C:\Users\HARADA\AppData\Local\Temp\npm-6844\1380845965437-0.5207635045517236\package
339 silly lockFile 6fa652a2-65437-0-5207635045517236-package tar://C:\Users\HARADA\AppData\Local\Temp\npm-6844\1380845965437-0.5207635045517236\package
340 verbose lock tar://C:\Users\HARADA\AppData\Local\Temp\npm-6844\1380845965437-0.5207635045517236\package C:\Users\HARADA\AppData\Roaming\npm-cache\6fa652a2-65437-0-5207635045517236-package.lock
341 silly lockFile 58803233--cache-keygrip-0-2-4-package-tgz tar://C:\Users\HARADA\AppData\Roaming\npm-cache\keygrip\0.2.4\package.tgz
342 verbose lock tar://C:\Users\HARADA\AppData\Roaming\npm-cache\keygrip\0.2.4\package.tgz C:\Users\HARADA\AppData\Roaming\npm-cache\58803233--cache-keygrip-0-2-4-package-tgz.lock
343 silly gunzTarPerm extractEntry Readme.md
344 silly gunzTarPerm extractEntry tests/oauth.js
345 silly gunzTarPerm extractEntry tests/oauth2.js
346 silly gunzTarPerm extractEntry tests/sha1.js
347 silly lockFile 6fa652a2-65437-0-5207635045517236-package tar://C:\Users\HARADA\AppData\Local\Temp\npm-6844\1380845965437-0.5207635045517236\package
348 silly lockFile 6fa652a2-65437-0-5207635045517236-package tar://C:\Users\HARADA\AppData\Local\Temp\npm-6844\1380845965437-0.5207635045517236\package
349 silly lockFile 58803233--cache-keygrip-0-2-4-package-tgz tar://C:\Users\HARADA\AppData\Roaming\npm-cache\keygrip\0.2.4\package.tgz
350 silly lockFile 58803233--cache-keygrip-0-2-4-package-tgz tar://C:\Users\HARADA\AppData\Roaming\npm-cache\keygrip\0.2.4\package.tgz
351 verbose read json C:\Users\HARADA\AppData\Local\Temp\npm-6844\1380845965553-0.14431795640848577\package\package.json
352 warn package.json cookies@0.1.6 No repository field.
353 silly lockFile 8507812b-5553-0-14431795640848577-package tar://C:\Users\HARADA\AppData\Local\Temp\npm-6844\1380845965553-0.14431795640848577\package
354 silly lockFile 8507812b-5553-0-14431795640848577-package tar://C:\Users\HARADA\AppData\Local\Temp\npm-6844\1380845965553-0.14431795640848577\package
355 silly lockFile 02009ee6--npm-cache-keygrip-0-2-4-package C:\Users\HARADA\AppData\Roaming\npm-cache\keygrip\0.2.4\package
356 verbose lock C:\Users\HARADA\AppData\Roaming\npm-cache\keygrip\0.2.4\package C:\Users\HARADA\AppData\Roaming\npm-cache\02009ee6--npm-cache-keygrip-0-2-4-package.lock
357 silly lockFile e555fe5f-5553-0-14431795640848577-tmp-tgz tar://C:\Users\HARADA\AppData\Local\Temp\npm-6844\1380845965553-0.14431795640848577\tmp.tgz
358 silly lockFile e555fe5f-5553-0-14431795640848577-tmp-tgz tar://C:\Users\HARADA\AppData\Local\Temp\npm-6844\1380845965553-0.14431795640848577\tmp.tgz
359 verbose from cache C:\Users\HARADA\AppData\Local\Temp\npm-6844\1380845965553-0.14431795640848577\package\package.json
360 silly lockFile 02009ee6--npm-cache-keygrip-0-2-4-package C:\Users\HARADA\AppData\Roaming\npm-cache\keygrip\0.2.4\package
361 silly lockFile 02009ee6--npm-cache-keygrip-0-2-4-package C:\Users\HARADA\AppData\Roaming\npm-cache\keygrip\0.2.4\package
362 verbose tar pack [ 'C:\\Users\\HARADA\\AppData\\Roaming\\npm-cache\\cookies\\0.1.6\\package.tgz',
362 verbose tar pack   'C:\\Users\\HARADA\\AppData\\Local\\Temp\\npm-6844\\1380845965553-0.14431795640848577\\package' ]
363 verbose tarball C:\Users\HARADA\AppData\Roaming\npm-cache\cookies\0.1.6\package.tgz
364 verbose folder C:\Users\HARADA\AppData\Local\Temp\npm-6844\1380845965553-0.14431795640848577\package
365 silly lockFile 8507812b-5553-0-14431795640848577-package tar://C:\Users\HARADA\AppData\Local\Temp\npm-6844\1380845965553-0.14431795640848577\package
366 verbose lock tar://C:\Users\HARADA\AppData\Local\Temp\npm-6844\1380845965553-0.14431795640848577\package C:\Users\HARADA\AppData\Roaming\npm-cache\8507812b-5553-0-14431795640848577-package.lock
367 silly lockFile 58a5ec20--cache-cookies-0-1-6-package-tgz tar://C:\Users\HARADA\AppData\Roaming\npm-cache\cookies\0.1.6\package.tgz
368 verbose lock tar://C:\Users\HARADA\AppData\Roaming\npm-cache\cookies\0.1.6\package.tgz C:\Users\HARADA\AppData\Roaming\npm-cache\58a5ec20--cache-cookies-0-1-6-package-tgz.lock
369 verbose tar unpack C:\Users\HARADA\AppData\Roaming\npm-cache\keygrip\0.2.4\package.tgz
370 silly lockFile 9727282f--npm-cache-keygrip-0-2-4-package tar://C:\Users\HARADA\AppData\Roaming\npm-cache\keygrip\0.2.4\package
371 verbose lock tar://C:\Users\HARADA\AppData\Roaming\npm-cache\keygrip\0.2.4\package C:\Users\HARADA\AppData\Roaming\npm-cache\9727282f--npm-cache-keygrip-0-2-4-package.lock
372 silly lockFile 58803233--cache-keygrip-0-2-4-package-tgz tar://C:\Users\HARADA\AppData\Roaming\npm-cache\keygrip\0.2.4\package.tgz
373 verbose lock tar://C:\Users\HARADA\AppData\Roaming\npm-cache\keygrip\0.2.4\package.tgz C:\Users\HARADA\AppData\Roaming\npm-cache\58803233--cache-keygrip-0-2-4-package-tgz.lock
374 silly gunzTarPerm modes [ '755', '644' ]
375 silly gunzTarPerm extractEntry package.json
376 silly gunzTarPerm modified mode [ 'package.json', 438, 420 ]
377 silly gunzTarPerm extractEntry .npmignore
378 silly gunzTarPerm modified mode [ '.npmignore', 438, 420 ]
379 silly gunzTarPerm extractEntry README.md
380 silly gunzTarPerm modified mode [ 'README.md', 438, 420 ]
381 silly lockFile 8507812b-5553-0-14431795640848577-package tar://C:\Users\HARADA\AppData\Local\Temp\npm-6844\1380845965553-0.14431795640848577\package
382 silly lockFile 8507812b-5553-0-14431795640848577-package tar://C:\Users\HARADA\AppData\Local\Temp\npm-6844\1380845965553-0.14431795640848577\package
383 silly lockFile 58a5ec20--cache-cookies-0-1-6-package-tgz tar://C:\Users\HARADA\AppData\Roaming\npm-cache\cookies\0.1.6\package.tgz
384 silly lockFile 58a5ec20--cache-cookies-0-1-6-package-tgz tar://C:\Users\HARADA\AppData\Roaming\npm-cache\cookies\0.1.6\package.tgz
385 silly lockFile 34cd0662--npm-cache-cookies-0-1-6-package C:\Users\HARADA\AppData\Roaming\npm-cache\cookies\0.1.6\package
386 verbose lock C:\Users\HARADA\AppData\Roaming\npm-cache\cookies\0.1.6\package C:\Users\HARADA\AppData\Roaming\npm-cache\34cd0662--npm-cache-cookies-0-1-6-package.lock
387 silly lockFile 34cd0662--npm-cache-cookies-0-1-6-package C:\Users\HARADA\AppData\Roaming\npm-cache\cookies\0.1.6\package
388 silly lockFile 34cd0662--npm-cache-cookies-0-1-6-package C:\Users\HARADA\AppData\Roaming\npm-cache\cookies\0.1.6\package
389 verbose tar unpack C:\Users\HARADA\AppData\Roaming\npm-cache\cookies\0.1.6\package.tgz
390 silly lockFile 77053e35--npm-cache-cookies-0-1-6-package tar://C:\Users\HARADA\AppData\Roaming\npm-cache\cookies\0.1.6\package
391 verbose lock tar://C:\Users\HARADA\AppData\Roaming\npm-cache\cookies\0.1.6\package C:\Users\HARADA\AppData\Roaming\npm-cache\77053e35--npm-cache-cookies-0-1-6-package.lock
392 silly lockFile 58a5ec20--cache-cookies-0-1-6-package-tgz tar://C:\Users\HARADA\AppData\Roaming\npm-cache\cookies\0.1.6\package.tgz
393 verbose lock tar://C:\Users\HARADA\AppData\Roaming\npm-cache\cookies\0.1.6\package.tgz C:\Users\HARADA\AppData\Roaming\npm-cache\58a5ec20--cache-cookies-0-1-6-package-tgz.lock
394 silly gunzTarPerm modes [ '755', '644' ]
395 silly gunzTarPerm extractEntry package.json
396 silly gunzTarPerm modified mode [ 'package.json', 438, 420 ]
397 silly gunzTarPerm extractEntry index.js
398 silly gunzTarPerm modified mode [ 'index.js', 438, 420 ]
399 silly gunzTarPerm extractEntry install.js
400 silly gunzTarPerm modified mode [ 'install.js', 438, 420 ]
401 silly gunzTarPerm extractEntry README.md
402 silly gunzTarPerm modified mode [ 'README.md', 438, 420 ]
403 silly gunzTarPerm extractEntry index.js
404 silly gunzTarPerm modified mode [ 'index.js', 438, 420 ]
405 silly gunzTarPerm extractEntry test.js
406 silly gunzTarPerm modified mode [ 'test.js', 438, 420 ]
407 silly gunzTarPerm extractEntry .travis.yml
408 silly gunzTarPerm modified mode [ '.travis.yml', 438, 420 ]
409 silly gunzTarPerm extractEntry test.js
410 silly gunzTarPerm modified mode [ 'test.js', 438, 420 ]
411 silly gunzTarPerm extractEntry lib/cookies.js
412 silly gunzTarPerm modified mode [ 'lib/cookies.js', 438, 420 ]
413 silly gunzTarPerm extractEntry LICENSE.txt
414 silly gunzTarPerm modified mode [ 'LICENSE.txt', 438, 420 ]
415 silly gunzTarPerm extractEntry LICENSE.txt
416 silly gunzTarPerm modified mode [ 'LICENSE.txt', 438, 420 ]
417 verbose read json C:\Users\HARADA\AppData\Local\Temp\npm-6844\1380845965468-0.8871545817237347\package\package.json
418 silly lockFile 24666e60-65468-0-8871545817237347-package tar://C:\Users\HARADA\AppData\Local\Temp\npm-6844\1380845965468-0.8871545817237347\package
419 silly lockFile 24666e60-65468-0-8871545817237347-package tar://C:\Users\HARADA\AppData\Local\Temp\npm-6844\1380845965468-0.8871545817237347\package
420 silly lockFile 44c657f0-65468-0-8871545817237347-tmp-tgz tar://C:\Users\HARADA\AppData\Local\Temp\npm-6844\1380845965468-0.8871545817237347\tmp.tgz
421 silly lockFile 44c657f0-65468-0-8871545817237347-tmp-tgz tar://C:\Users\HARADA\AppData\Local\Temp\npm-6844\1380845965468-0.8871545817237347\tmp.tgz
422 verbose from cache C:\Users\HARADA\AppData\Local\Temp\npm-6844\1380845965468-0.8871545817237347\package\package.json
423 verbose tar pack [ 'C:\\Users\\HARADA\\AppData\\Roaming\\npm-cache\\oauth\\0.9.10\\package.tgz',
423 verbose tar pack   'C:\\Users\\HARADA\\AppData\\Local\\Temp\\npm-6844\\1380845965468-0.8871545817237347\\package' ]
424 verbose tarball C:\Users\HARADA\AppData\Roaming\npm-cache\oauth\0.9.10\package.tgz
425 verbose folder C:\Users\HARADA\AppData\Local\Temp\npm-6844\1380845965468-0.8871545817237347\package
426 silly lockFile 24666e60-65468-0-8871545817237347-package tar://C:\Users\HARADA\AppData\Local\Temp\npm-6844\1380845965468-0.8871545817237347\package
427 verbose lock tar://C:\Users\HARADA\AppData\Local\Temp\npm-6844\1380845965468-0.8871545817237347\package C:\Users\HARADA\AppData\Roaming\npm-cache\24666e60-65468-0-8871545817237347-package.lock
428 silly lockFile 967a7868-m-cache-oauth-0-9-10-package-tgz tar://C:\Users\HARADA\AppData\Roaming\npm-cache\oauth\0.9.10\package.tgz
429 verbose lock tar://C:\Users\HARADA\AppData\Roaming\npm-cache\oauth\0.9.10\package.tgz C:\Users\HARADA\AppData\Roaming\npm-cache\967a7868-m-cache-oauth-0-9-10-package-tgz.lock
430 verbose read json C:\Users\HARADA\AppData\Roaming\npm-cache\cookies\0.1.6\package\package.json
431 silly lockFile 77053e35--npm-cache-cookies-0-1-6-package tar://C:\Users\HARADA\AppData\Roaming\npm-cache\cookies\0.1.6\package
432 silly lockFile 77053e35--npm-cache-cookies-0-1-6-package tar://C:\Users\HARADA\AppData\Roaming\npm-cache\cookies\0.1.6\package
433 silly lockFile 58a5ec20--cache-cookies-0-1-6-package-tgz tar://C:\Users\HARADA\AppData\Roaming\npm-cache\cookies\0.1.6\package.tgz
434 silly lockFile 58a5ec20--cache-cookies-0-1-6-package-tgz tar://C:\Users\HARADA\AppData\Roaming\npm-cache\cookies\0.1.6\package.tgz
435 verbose read json C:\Users\HARADA\AppData\Roaming\npm-cache\keygrip\0.2.4\package\package.json
436 verbose from cache C:\Users\HARADA\AppData\Roaming\npm-cache\cookies\0.1.6\package\package.json
437 verbose chmod C:\Users\HARADA\AppData\Roaming\npm-cache\cookies\0.1.6\package.tgz 644
438 silly chown skipping for windows C:\Users\HARADA\AppData\Roaming\npm-cache\cookies\0.1.6\package.tgz
439 silly lockFile 9db0a98d-js-org-cookies-cookies-0-1-6-tgz https://registry.npmjs.org/cookies/-/cookies-0.1.6.tgz
440 silly lockFile 9db0a98d-js-org-cookies-cookies-0-1-6-tgz https://registry.npmjs.org/cookies/-/cookies-0.1.6.tgz
441 silly lockFile 9727282f--npm-cache-keygrip-0-2-4-package tar://C:\Users\HARADA\AppData\Roaming\npm-cache\keygrip\0.2.4\package
442 silly lockFile 9727282f--npm-cache-keygrip-0-2-4-package tar://C:\Users\HARADA\AppData\Roaming\npm-cache\keygrip\0.2.4\package
443 silly lockFile 892f256d-cookies-0-1-6 cookies@0.1.6
444 silly lockFile 892f256d-cookies-0-1-6 cookies@0.1.6
445 silly lockFile 58803233--cache-keygrip-0-2-4-package-tgz tar://C:\Users\HARADA\AppData\Roaming\npm-cache\keygrip\0.2.4\package.tgz
446 silly lockFile 58803233--cache-keygrip-0-2-4-package-tgz tar://C:\Users\HARADA\AppData\Roaming\npm-cache\keygrip\0.2.4\package.tgz
447 verbose from cache C:\Users\HARADA\AppData\Roaming\npm-cache\keygrip\0.2.4\package\package.json
448 verbose chmod C:\Users\HARADA\AppData\Roaming\npm-cache\keygrip\0.2.4\package.tgz 644
449 silly chown skipping for windows C:\Users\HARADA\AppData\Roaming\npm-cache\keygrip\0.2.4\package.tgz
450 silly lockFile e59fa2f4-js-org-keygrip-keygrip-0-2-4-tgz https://registry.npmjs.org/keygrip/-/keygrip-0.2.4.tgz
451 silly lockFile e59fa2f4-js-org-keygrip-keygrip-0-2-4-tgz https://registry.npmjs.org/keygrip/-/keygrip-0.2.4.tgz
452 silly lockFile 42580c76-cookies-0-1-x cookies@0.1.x
453 silly lockFile 42580c76-cookies-0-1-x cookies@0.1.x
454 silly lockFile acc371b7-keygrip-0-2-4 keygrip@0.2.4
455 silly lockFile acc371b7-keygrip-0-2-4 keygrip@0.2.4
456 silly lockFile 24666e60-65468-0-8871545817237347-package tar://C:\Users\HARADA\AppData\Local\Temp\npm-6844\1380845965468-0.8871545817237347\package
457 silly lockFile 24666e60-65468-0-8871545817237347-package tar://C:\Users\HARADA\AppData\Local\Temp\npm-6844\1380845965468-0.8871545817237347\package
458 silly lockFile 0a958370-keygrip-0-2-x keygrip@0.2.x
459 silly lockFile 0a958370-keygrip-0-2-x keygrip@0.2.x
460 silly lockFile 967a7868-m-cache-oauth-0-9-10-package-tgz tar://C:\Users\HARADA\AppData\Roaming\npm-cache\oauth\0.9.10\package.tgz
461 silly lockFile 967a7868-m-cache-oauth-0-9-10-package-tgz tar://C:\Users\HARADA\AppData\Roaming\npm-cache\oauth\0.9.10\package.tgz
462 silly lockFile 2afb060c-g-npm-cache-oauth-0-9-10-package C:\Users\HARADA\AppData\Roaming\npm-cache\oauth\0.9.10\package
463 verbose lock C:\Users\HARADA\AppData\Roaming\npm-cache\oauth\0.9.10\package C:\Users\HARADA\AppData\Roaming\npm-cache\2afb060c-g-npm-cache-oauth-0-9-10-package.lock
464 silly lockFile 2afb060c-g-npm-cache-oauth-0-9-10-package C:\Users\HARADA\AppData\Roaming\npm-cache\oauth\0.9.10\package
465 silly lockFile 2afb060c-g-npm-cache-oauth-0-9-10-package C:\Users\HARADA\AppData\Roaming\npm-cache\oauth\0.9.10\package
466 verbose tar unpack C:\Users\HARADA\AppData\Roaming\npm-cache\oauth\0.9.10\package.tgz
467 silly lockFile a84bb490-g-npm-cache-oauth-0-9-10-package tar://C:\Users\HARADA\AppData\Roaming\npm-cache\oauth\0.9.10\package
468 verbose lock tar://C:\Users\HARADA\AppData\Roaming\npm-cache\oauth\0.9.10\package C:\Users\HARADA\AppData\Roaming\npm-cache\a84bb490-g-npm-cache-oauth-0-9-10-package.lock
469 silly lockFile 967a7868-m-cache-oauth-0-9-10-package-tgz tar://C:\Users\HARADA\AppData\Roaming\npm-cache\oauth\0.9.10\package.tgz
470 verbose lock tar://C:\Users\HARADA\AppData\Roaming\npm-cache\oauth\0.9.10\package.tgz C:\Users\HARADA\AppData\Roaming\npm-cache\967a7868-m-cache-oauth-0-9-10-package-tgz.lock
471 silly gunzTarPerm modes [ '755', '644' ]
472 silly gunzTarPerm extractEntry package.json
473 silly gunzTarPerm modified mode [ 'package.json', 438, 420 ]
474 silly gunzTarPerm extractEntry .npmignore
475 silly gunzTarPerm modified mode [ '.npmignore', 438, 420 ]
476 silly gunzTarPerm extractEntry LICENSE
477 silly gunzTarPerm modified mode [ 'LICENSE', 438, 420 ]
478 silly gunzTarPerm extractEntry index.js
479 silly gunzTarPerm modified mode [ 'index.js', 438, 420 ]
480 silly gunzTarPerm extractEntry examples/term.ie.oauth-HMAC-SHA1.js
481 silly gunzTarPerm modified mode [ 'examples/term.ie.oauth-HMAC-SHA1.js', 438, 420 ]
482 silly gunzTarPerm extractEntry examples/express-gdata/server.js
483 silly gunzTarPerm modified mode [ 'examples/express-gdata/server.js', 438, 420 ]
484 silly gunzTarPerm extractEntry examples/express-gdata/views/google_calendars.ejs
485 silly gunzTarPerm modified mode [ 'examples/express-gdata/views/google_calendars.ejs', 438, 420 ]
486 silly gunzTarPerm extractEntry examples/express-gdata/views/google_contacts.ejs
487 silly gunzTarPerm modified mode [ 'examples/express-gdata/views/google_contacts.ejs', 438, 420 ]
488 silly gunzTarPerm extractEntry examples/express-gdata/views/layout.ejs
489 silly gunzTarPerm modified mode [ 'examples/express-gdata/views/layout.ejs', 438, 420 ]
490 silly gunzTarPerm extractEntry lib/oauth.js
491 silly gunzTarPerm modified mode [ 'lib/oauth.js', 438, 420 ]
492 silly gunzTarPerm extractEntry lib/oauth2.js
493 silly gunzTarPerm modified mode [ 'lib/oauth2.js', 438, 420 ]
494 silly gunzTarPerm extractEntry lib/sha1.js
495 silly gunzTarPerm modified mode [ 'lib/sha1.js', 438, 420 ]
496 silly gunzTarPerm extractEntry lib/_utils.js
497 silly gunzTarPerm modified mode [ 'lib/_utils.js', 438, 420 ]
498 silly gunzTarPerm extractEntry Makefile
499 silly gunzTarPerm modified mode [ 'Makefile', 438, 420 ]
500 silly gunzTarPerm extractEntry Readme.md
501 silly gunzTarPerm modified mode [ 'Readme.md', 438, 420 ]
502 silly gunzTarPerm extractEntry tests/oauth.js
503 silly gunzTarPerm modified mode [ 'tests/oauth.js', 438, 420 ]
504 silly gunzTarPerm extractEntry tests/oauth2.js
505 silly gunzTarPerm modified mode [ 'tests/oauth2.js', 438, 420 ]
506 silly gunzTarPerm extractEntry tests/sha1.js
507 silly gunzTarPerm modified mode [ 'tests/sha1.js', 438, 420 ]
508 verbose read json C:\Users\HARADA\AppData\Roaming\npm-cache\oauth\0.9.10\package\package.json
509 silly lockFile a84bb490-g-npm-cache-oauth-0-9-10-package tar://C:\Users\HARADA\AppData\Roaming\npm-cache\oauth\0.9.10\package
510 silly lockFile a84bb490-g-npm-cache-oauth-0-9-10-package tar://C:\Users\HARADA\AppData\Roaming\npm-cache\oauth\0.9.10\package
511 silly lockFile 967a7868-m-cache-oauth-0-9-10-package-tgz tar://C:\Users\HARADA\AppData\Roaming\npm-cache\oauth\0.9.10\package.tgz
512 silly lockFile 967a7868-m-cache-oauth-0-9-10-package-tgz tar://C:\Users\HARADA\AppData\Roaming\npm-cache\oauth\0.9.10\package.tgz
513 verbose from cache C:\Users\HARADA\AppData\Roaming\npm-cache\oauth\0.9.10\package\package.json
514 verbose chmod C:\Users\HARADA\AppData\Roaming\npm-cache\oauth\0.9.10\package.tgz 644
515 silly chown skipping for windows C:\Users\HARADA\AppData\Roaming\npm-cache\oauth\0.9.10\package.tgz
516 silly lockFile db781315-npmjs-org-oauth-oauth-0-9-10-tgz https://registry.npmjs.org/oauth/-/oauth-0.9.10.tgz
517 silly lockFile db781315-npmjs-org-oauth-oauth-0-9-10-tgz https://registry.npmjs.org/oauth/-/oauth-0.9.10.tgz
518 silly lockFile 98e6713c-oauth-0-9-10 oauth@0.9.10
519 silly lockFile 98e6713c-oauth-0-9-10 oauth@0.9.10
520 silly lockFile c2399bc0-oauth-0-8-4 oauth@>=0.8.4
521 silly lockFile c2399bc0-oauth-0-8-4 oauth@>=0.8.4
522 silly resolved [ { name: 'cookies',
522 silly resolved     version: '0.1.6',
522 silly resolved     description: 'Cookies, optionally signed using Keygrip.',
522 silly resolved     main: './index',
522 silly resolved     engines: [ 'node' ],
522 silly resolved     directories: { lib: './lib' },
522 silly resolved     files: [ '' ],
522 silly resolved     readme: 'Cookies\n=======\n\nCookies is a [node.js](http://nodejs.org/) module for getting and setting HTTP(S) cookies. Cookies can be signed to prevent tampering, using [Keygrip](https://github.com/jed/keygrip).\n\n## Requirements\n\n* [node.js](http://nodejs.org/), tested with 0.4.1\n\n## Install\n\n    $ npm install cookies\n    \n## Features\n\nThis is the next version of the now deprecated [cookie-node](https://github.com/jed/cookie-node) library, with the following improvements:\n\n* **Lazy**: Since cookie verification against multiple keys could be expensive, cookies are only verified lazily when accessed, not eagerly on each request.\n\n* **Unobtrusive**: Signed cookies are stored the same way as unsigned cookies, instead of in an obfuscated signing format. An additional signature cookie is stored for each signed cookie, using a standard naming convention (_cookie-name_`.sig`). This allows other libraries to access the original cookies without having to know the signing mechanism.\n\n* **Agnostic**: This library is optimized for use with [Keygrip](https://github.com/jed/keygrip), but does not require it; you can implement your own signing scheme instead if you like and use this library only to read/write cookies. Factoring the signing into a separate library encourages code reuse and allows you to use the same signing library for other areas where signing is needed, such as in URLs.\n\n* **Up-to-date**: Whereas the last library was built starting with an v0.1.* version of node without crypto or buffers, this one was built starting with v0.4.1. This means that it\'s a lot cleaner than the previous version, which was getting crufty after a year of API changes.\n\n## API\n\n### cookies = new Cookies( request, response, [ Object keygrip ] )\n\nThis creates a cookie jar corresponding to the current _request_ and _response_. A [Keygrip](https://github.com/jed/keygrip) object can optionally be passed as the third argument _keygrip_ to enable cryptographic signing based on SHA1 HMAC, using rotated credentials.\n\nNote that since this only saves parameters without any other processing, it is very lightweight. Cookies are only parsed on demand when they are accessed.\n\n### cookies.get( name, [ options ] )\n\nThis extracts the cookie with the given name from the `Cookie` header in the request. If such a cookie exists, its value is returned. Otherwise, nothing is returned.\n\n`{ signed: true }` can optionally be passed as the second parameter _options_. In this case, a signature cookie (a cookie of same name ending with the `.sig` suffix appended) is fetched. If no such cookie exists, nothing is returned.\n\nIf the signature cookie _does_ exist, the provided [Keygrip](https://github.com/jed/keygrip) object is used to check whether the hash of _<cookie-name>_ + `=` + _<cookie-value>_ matches that of any registered key:\n\n* If the signature cookie hash matches the first key, the original cookie value is returned.\n* If the signature cookie hash matches any other key, the original cookie value is returned AND an outbound header is set to update the signature cookie\'s value to the hash of the first key. This enables automatic freshening of signature cookies that have become stale due to key rotation.\n* If the signature cookie hash does not match any key, nothing is returned, and an outbound header with an expired date is used to delete the cookie.\n\n### cookies.set( name, [ value ], [ options ] )\n\nThis sets the given cookie in the response and returns the current context to allow chaining.\n\nIf the _name_ is omitted, an outbound header with an expired date is used to delete the cookie.\n\nIf the _options_ object is provided, it will be used to generate the outbound cookie header as follows:\n\n* `expires`: a `Date` object indicating the cookie\'s expiration date (expires at the end of session by default).\n* `path`: a string indicating the path of the cookie (`/` by default).\n* `domain`: a string indicating the domain of the cookie (no default).\n* `secure`: a boolean indicating whether the cookie is only to be sent over HTTPS (`false` by default).\n* `httpOnly`: a boolean indicating whether the cookie is only to be sent over HTTP(S), and not made available to client JavaScript (`false` by default).\n* `signed`: a boolean indicating whether the cookie is to be signed (`false` by default). If this is true, another cookie of the same name with the `.sig` suffix appended will also be sent, with a 27-byte url-safe base64 SHA1 value representing the hash of _<cookie-name>_ + `=` + _<cookie-value>_ against the first [Keygrip](https://github.com/jed/keygrip) key. This signature key is used to detect tampering the next time a cookie is received.\n\n## Example\n\n    // from ./test.js\n    var assert = require( "assert" )\n      , http = require( "http" )\n      , keys = require( "keygrip" )()\n      , Cookies = require( "cookies" )\n    \n    http.createServer( function( req, res ) {\n      var cookies = new Cookies( req, res, keys )\n        , insecure, secure, tampered\n      \n      if ( req.url == "/set" ) {\n        cookies\n          // set a regular cookie\n          .set( "insecure", "foo" )\n    \n          // set a signed cookie\n          .set( "secure", "bar", { signed: true } )\n    \n          // mimic a signed cookie, but with a bogus signature\n          .set( "tampered", "baz" )\n          .set( "tampered.sig", "bogus" )\n    \n        res.writeHead( 302, { "Location": "/" } )\n        return res.end( "Now let\'s check." )\n      }\n      \n      insecure = cookies.get( "insecure" )\n      secure = cookies.get( "secure", { signed: true } )\n      tampered = cookies.get( "tampered", { signed: true } )\n      \n      assert.equal( insecure, "foo" )\n      assert.equal( secure, "bar" )\n      assert.notEqual( tampered, "baz" )\n      assert.equal( tampered, undefined )\n    \n      res.writeHead( 200, { "Content-Type": "text/plain" } )\n      res.end(\n        "insecure expected: foo\\n\\n" +\n        "insecure actual: " + insecure + "\\n\\n" +\n        "secure expected: bar\\n\\n" +\n        "secure actual: " + secure + "\\n\\n" +\n        "tampered expected: undefined\\n\\n"+\n        "tampered: " + tampered + "\\n\\n"\n      )\n    }).listen( 8000 )\n\n## TODO\n\n* Look for existing outbound cookies to prevent duplicates\n\nCopyright\n---------\n\nCopyright (c) 2011 Jed Schmidt. See LICENSE.txt for details.\n\nSend any questions or comments [here](http://twitter.com/jedschmidt).',
522 silly resolved     readmeFilename: 'README.md',
522 silly resolved     _id: 'cookies@0.1.6',
522 silly resolved     dist: { shasum: '07d25b1449b97dccab7b1661e1ce00b60721488f' },
522 silly resolved     _from: 'cookies@0.1.x',
522 silly resolved     _resolved: 'https://registry.npmjs.org/cookies/-/cookies-0.1.6.tgz' },
522 silly resolved   { name: 'keygrip',
522 silly resolved     version: '0.2.4',
522 silly resolved     description: 'Key signing and verification for rotated credentials',
522 silly resolved     scripts: { install: '[ -x /usr/bin/nodejs ] && /usr/bin/nodejs ./install.js || node ./install.js' },
522 silly resolved     repository: { type: 'git', url: 'git://github.com/jed/keygrip.git' },
522 silly resolved     dependencies: {},
522 silly resolved     devDependencies: {},
522 silly resolved     engines: { node: '*' },
522 silly resolved     readme: 'Keygrip\n=======\n\n[![Build Status](https://secure.travis-ci.org/jed/keygrip.png)](http://travis-ci.org/jed/keygrip)\n\nKeygrip is a [node.js](http://nodejs.org/) module for signing and verifying data (such as cookies or URLs) through a rotating credential system, in which new server keys can be added and old ones removed regularly, without invalidating client credentials.\n\n## Install\n\n    $ npm install keygrip\n\n## API\n\n### keys = new Keygrip([keylist], [hmacAlgorithm], [encoding])\n\nThis creates a new Keygrip based on the provided keylist, an array of secret keys used for SHA1 HMAC digests. If no `keylist` is given, or is empty, Keygrip uses the default key created during `npm` installation, and will issue a warning to the console. `hmacAlgorithm` defaults to `\'sha1\'` and `encoding` defaults to `\'base64\'`.\n\nNote that the `new` operator is also optional, so all of the following will work when `Keygrip = require("keygrip")`:\n\n```javascript\nkeys = new Keygrip\nkeys = new Keygrip(["SEKRIT2", "SEKRIT1"])\nkeys = Keygrip()\nkeys = Keygrip(["SEKRIT2", "SEKRIT1"])\nkeys = require("keygrip")()\nkeys = Keygrip(["SEKRIT2", "SEKRIT1"], \'sha256\', \'hex\')\nkeys = Keygrip(["SEKRIT2", "SEKRIT1"], \'sha256\')\nkeys = Keygrip(["SEKRIT2", "SEKRIT1"], undefined, \'hex\')\n```\n\nThe keylist is an array of all valid keys for signing, in descending order of freshness; new keys should be `unshift`ed into the array and old keys should be `pop`ped.\n\nThe tradeoff here is that adding more keys to the keylist allows for more granular freshness for key validation, at the cost of a more expensive worst-case scenario for old or invalid hashes.\n\nKeygrip keeps a reference to this array to automatically reflect any changes. This reference is stored using a closure to prevent external access.\n\n### keys.sign(data)\n\nThis creates a SHA1 HMAC based on the _first_ key in the keylist, and outputs it as a 27-byte url-safe base64 digest (base64 without padding, replacing `+` with `-` and `/` with `_`).\n\n### keys.index(data, digest)\n\nThis loops through all of the keys currently in the keylist until the digest of the current key matches the given digest, at which point the current index is returned. If no key is matched, `-1` is returned.\n\nThe idea is that if the index returned is greater than `0`, the data should be re-signed to prevent premature credential invalidation, and enable better performance for subsequent challenges.\n\n### keys.verify(data, digest)\n\nThis uses `index` to return `true` if the digest matches any existing keys, and `false` otherwise.\n\n## Example\n\n```javascript\n// ./test.js\nvar assert = require("assert")\n  , Keygrip = require("keygrip")\n  , keylist, keys, hash, index\n\n// keygrip takes an array of keys, but if none exist,\n// it uses the defaults created during npm installation.\n// (but it\'ll will warn you)\nconsole.log("Ignore this message:")\nkeys = new Keygrip(/* empty list */)\n\n// .sign returns the hash for the first key\n// all hashes are SHA1 HMACs in url-safe base64\nhash = keys.sign("bieberschnitzel")\nassert.ok(/^[\\w\\-]{27}$/.test(hash))\n\n// but we\'re going to use our list.\n// (note that the \'new\' operator is optional)\nkeylist = ["SEKRIT3", "SEKRIT2", "SEKRIT1"]\nkeys = Keygrip(keylist)\nhash = keys.sign("bieberschnitzel")\n\n// .index returns the index of the first matching key\nindex = keys.index("bieberschnitzel", hash)\nassert.equal(index, 0)\n\n// .verify returns the a boolean indicating a matched key\nmatched = keys.verify("bieberschnitzel", hash)\nassert.ok(matched)\n\nindex = keys.index("bieberschnitzel", "o_O")\nassert.equal(index, -1)\n\n// rotate a new key in, and an old key out\nkeylist.unshift("SEKRIT4")\nkeylist.pop()\n\n// if index > 0, it\'s time to re-sign\nindex = keys.index("bieberschnitzel", hash)\nassert.equal(index, 1)\nhash = keys.sign("bieberschnitzel")\n```\n\n## TODO\n\n* Write a library for URL signing\n\nCopyright\n---------\n\nCopyright (c) 2012 Jed Schmidt. See LICENSE.txt for details.\n\nSend any questions or comments [here](http://twitter.com/jedschmidt).\n',
522 silly resolved     readmeFilename: 'README.md',
522 silly resolved     bugs: { url: 'https://github.com/jed/keygrip/issues' },
522 silly resolved     _id: 'keygrip@0.2.4',
522 silly resolved     dist: { shasum: 'b72565caaee76aef1624c339c021ddaf8c34dcf5' },
522 silly resolved     _from: 'keygrip@0.2.x',
522 silly resolved     _resolved: 'https://registry.npmjs.org/keygrip/-/keygrip-0.2.4.tgz' },
522 silly resolved   { name: 'oauth',
522 silly resolved     description: 'Library for interacting with OAuth 1.0, 1.0A, 2 and Echo.  Provides simplified client access and allows for construction of more complex apis and OAuth providers.',
522 silly resolved     version: '0.9.10',
522 silly resolved     directories: { lib: './lib' },
522 silly resolved     main: 'index.js',
522 silly resolved     author: { name: 'Ciaran Jessup', email: 'ciaranj@gmail.com' },
522 silly resolved     repository: { type: 'git', url: 'http://github.com/ciaranj/node-oauth.git' },
522 silly resolved     devDependencies: { vows: '0.5.x' },
522 silly resolved     scripts: { test: 'make test' },
522 silly resolved     licenses: [ [Object] ],
522 silly resolved     readme: 'node-oauth\n===========\nA simple oauth API for node.js .  This API allows users to authenticate against OAUTH providers, and thus act as OAuth consumers. It also has support for OAuth Echo, which is used for communicating with 3rd party media providers such as TwitPic and yFrog.\n\nTested against Twitter (http://twitter.com), term.ie (http://term.ie/oauth/example/), TwitPic, and Yahoo!\n\nAlso provides rudimentary OAuth2 support, tested against facebook, github, foursquare, google and Janrain.   For more complete usage examples please take a look at connect-auth (http://github.com/ciaranj/connect-auth)\n\n\nInstallation\n============== \n\n    $ npm install oauth\n\n\nChange History\n============== \n\n* 0.9.10\n    - OAuth2:   Addresses 2 issues that came in with 0.9.9, #129 & #125 (thank you Jos F. Romaniello)\n* 0.9.9\n    - OAuth1:   Fix the mismatch between the output of querystring.stringify() and this._encodeData(). (thank you rolandboon)\n    - OAuth2:   Adds Authorization Header and supports extra headers by default ( thanks to Brian Park)\n* 0.9.8\n    - OAuth1:   Support overly-strict OAuth server\'s that require whitespace separating the Authorization Header parameters  (e.g. 500px.com) (Thanks to Christian Schwarz)\n    - OAuth1:   Fix incorrect double-encoding of PLAINTEXT OAuth connections (Thanks to Joe Rozner)\n    - OAuth1:   Minor safety check added when checking hostnames. (Thanks to Garrick Cheung)\n* 0.9.7\n    - OAuth2:   Pass back any extra response data for calls to getOAuthAccessToken (Thanks to Tang Bo Hao)\n    - OAuth2:   Don\'t force a https request if given a http url (Thanks to Damien Mathieu)\n    - OAuth2:   Supports specifying a grant-type of \'refresh-token\' (Thanks to Luke Baker)\n* 0.9.6\n    - OAuth2:   Support for 302 redirects (Thanks Patrick Negri). \n    - OAuth1/2: Some code tidying. ( Thanks to Raoul Millais )  \n* 0.9.5\n    - OAuth1:   Allow usage of HTTP verbs other than GET for retrieving the access and request tokens (Thanks to Raoul Millais)  \n* 0.9.4\n    - OAuth1/2: Support for OAuth providers that drop connections (don\'t send response lengths? [Google]) \n    - OAuth2:   Change getOAuthAccessToken to POST rather than GET ( Possible Breaking change!!! ... re-tested against Google, Github, Facebook, FourSquare and Janrain and seems ok .. is closer to the spec (v20) )  \n* 0.9.3\n    - OAuth1:   Adds support for following 301 redirects (Thanks bdickason) \n* 0.9.2 \n    - OAuth1:   Correct content length calculated for non-ascii post bodies (Thanks selead)  \n    - OAuth1:   Allowed for configuration of the \'access token\' name used when requesting protected resources (OAuth2)  \n* 0.9.1\n    - OAuth1:   Added support for automatically following 302 redirects (Thanks neyric) \n    - OAuth1:   Added support for OAuth Echo (Thanks Ryan LeFevre). \n    - OAuth1:   Improved handling of 2xx responses (Thanks Neil Mansilla).  \n* 0.9.0\n    - OAuth1/2: Compatibility fixes to bring node-oauth up to speed with node.js 0.4x [thanks to Rasmus Andersson for starting the work ]  \n* 0.8.4\n    - OAuth1:   Fixed issue #14 (Parameter ordering ignored encodings).\n    - OAuth1:   Added support for repeated parameter names.\n    - OAuth1/2: Implements issue #15 (Use native SHA1 if available, 10x speed improvement!).\n    - OAuth2:   Fixed issue #16 (Should use POST when requesting access tokens.).\n    - OAuth2:   Fixed Issue #17 (OAuth2 spec compliance).  \n    - OAuth1:   Implemented enhancement #13 (Adds support for PUT & DELETE http verbs). \n    - OAuth1:   Fixes issue #18 (Complex/Composite url arguments [thanks novemberborn])  \n* 0.8.3\n    - OAuth1:   Fixed an issue where the auth header code depended on the Array\'s toString method (Yohei Sasaki) Updated the getOAuthRequestToken method so we can access google\'s OAuth secured methods. Also re-implemented and fleshed out the test suite.  \n* 0.8.2\n    - OAuth1:   The request returning methods will now write the POST body if provided (Chris Anderson), the code responsible for manipulating the headers is a bit safe now when working with other code (Paul McKellar)\n    - Package:  Tweaked the package.json to use index.js instead of main.js  \n* 0.8.1\n    - OAuth1:   Added mechanism to get hold of a signed Node Request object, ready for attaching response listeners etc. (Perfect for streaming APIs)  \n* 0.8.0\n    - OAuth1:   Standardised method capitalisation, the old getOauthAccessToken is now getOAuthAccessToken (Breaking change to existing code)  \n* 0.7.7\n    - OAuth1:   Looks like non oauth_ parameters where appearing within the Authorization headers, which I believe to be incorrect.  \n* 0.7.6\n    - OAuth1:   Added in oauth_verifier property to getAccessToken required for 1.0A  \n* 0.7.5\n    - Package:  Added in a main.js to simplify the require\'ing of OAuth  \n* 0.7.4\n    - OAuth1:   Minor change to add an error listener to the OAuth client (thanks troyk)  \n* 0.7.3\n    - OAuth2:   Now sends a Content-Length Http header to keep nginx happy :)  \n* 0.7.2\n    - OAuth1:   Fixes some broken unit tests!  \n* 0.7.0\n    - OAuth1/2: Introduces support for HTTPS end points and callback URLS for OAuth 1.0A and Oauth 2 (Please be aware that this was a breaking change to the constructor arguments order)  \n\nContributors (In no particular order)\n=====================================\n\n* Ciaran Jessup - ciaranj@gmail.com\n* Mark Wubben - http://equalmedia.com/\n* Ryan LeFevre - http://meltingice.net\n* Raoul Millais\n* Patrick Negri - http://github.com/pnegri\n* Tang Bo Hao - http://github.com/btspoony\n* Damien Mathieu - http://42.dmathieu.com\n* Luke Baker - http://github.com/lukebaker\n* Christian Schwarz  - http://github.com/chrischw/\n* Joe Rozer - http://www.deadbytes.net\n* Garrick Cheung - http://www.garrickcheung.com/\n* rolandboon - http://rolandboon.com\n* Brian Park - http://github.com/yaru22\n* Jos F. Romaniello - http://github.com/jfromaniello\n',
522 silly resolved     readmeFilename: 'Readme.md',
522 silly resolved     bugs: { url: 'https://github.com/ciaranj/node-oauth/issues' },
522 silly resolved     _id: 'oauth@0.9.10',
522 silly resolved     dist: { shasum: 'b0372b0554db42d1b03c120bf31e2c8714948548' },
522 silly resolved     _from: 'oauth@>=0.8.4',
522 silly resolved     _resolved: 'https://registry.npmjs.org/oauth/-/oauth-0.9.10.tgz' } ]
523 info install cookies@0.1.6 into C:\Users\HARADA\Dropbox\0-1.github.io.js\chimanaco.github.io\threejs\nodejs\SampleApp\node_modules\ntwitter
524 info install keygrip@0.2.4 into C:\Users\HARADA\Dropbox\0-1.github.io.js\chimanaco.github.io\threejs\nodejs\SampleApp\node_modules\ntwitter
525 info install oauth@0.9.10 into C:\Users\HARADA\Dropbox\0-1.github.io.js\chimanaco.github.io\threejs\nodejs\SampleApp\node_modules\ntwitter
526 info installOne cookies@0.1.6
527 info installOne keygrip@0.2.4
528 info installOne oauth@0.9.10
529 verbose from cache C:\Users\HARADA\AppData\Roaming\npm-cache\cookies\0.1.6\package\package.json
530 info C:\Users\HARADA\Dropbox\0-1.github.io.js\chimanaco.github.io\threejs\nodejs\SampleApp\node_modules\ntwitter\node_modules\cookies unbuild
531 verbose read json C:\Users\HARADA\Dropbox\0-1.github.io.js\chimanaco.github.io\threejs\nodejs\SampleApp\node_modules\ntwitter\node_modules\cookies\package.json
532 verbose from cache C:\Users\HARADA\AppData\Roaming\npm-cache\keygrip\0.2.4\package\package.json
533 info C:\Users\HARADA\Dropbox\0-1.github.io.js\chimanaco.github.io\threejs\nodejs\SampleApp\node_modules\ntwitter\node_modules\keygrip unbuild
534 verbose read json C:\Users\HARADA\Dropbox\0-1.github.io.js\chimanaco.github.io\threejs\nodejs\SampleApp\node_modules\ntwitter\node_modules\keygrip\package.json
535 verbose from cache C:\Users\HARADA\AppData\Roaming\npm-cache\oauth\0.9.10\package\package.json
536 info C:\Users\HARADA\Dropbox\0-1.github.io.js\chimanaco.github.io\threejs\nodejs\SampleApp\node_modules\ntwitter\node_modules\oauth unbuild
537 verbose read json C:\Users\HARADA\Dropbox\0-1.github.io.js\chimanaco.github.io\threejs\nodejs\SampleApp\node_modules\ntwitter\node_modules\oauth\package.json
538 verbose tar unpack C:\Users\HARADA\AppData\Roaming\npm-cache\cookies\0.1.6\package.tgz
539 silly lockFile 4afabf45-es-ntwitter-node-modules-cookies tar://C:\Users\HARADA\Dropbox\0-1.github.io.js\chimanaco.github.io\threejs\nodejs\SampleApp\node_modules\ntwitter\node_modules\cookies
540 verbose lock tar://C:\Users\HARADA\Dropbox\0-1.github.io.js\chimanaco.github.io\threejs\nodejs\SampleApp\node_modules\ntwitter\node_modules\cookies C:\Users\HARADA\AppData\Roaming\npm-cache\4afabf45-es-ntwitter-node-modules-cookies.lock
541 silly lockFile 58a5ec20--cache-cookies-0-1-6-package-tgz tar://C:\Users\HARADA\AppData\Roaming\npm-cache\cookies\0.1.6\package.tgz
542 verbose lock tar://C:\Users\HARADA\AppData\Roaming\npm-cache\cookies\0.1.6\package.tgz C:\Users\HARADA\AppData\Roaming\npm-cache\58a5ec20--cache-cookies-0-1-6-package-tgz.lock
543 verbose tar unpack C:\Users\HARADA\AppData\Roaming\npm-cache\keygrip\0.2.4\package.tgz
544 silly lockFile b9cad376-es-ntwitter-node-modules-keygrip tar://C:\Users\HARADA\Dropbox\0-1.github.io.js\chimanaco.github.io\threejs\nodejs\SampleApp\node_modules\ntwitter\node_modules\keygrip
545 verbose lock tar://C:\Users\HARADA\Dropbox\0-1.github.io.js\chimanaco.github.io\threejs\nodejs\SampleApp\node_modules\ntwitter\node_modules\keygrip C:\Users\HARADA\AppData\Roaming\npm-cache\b9cad376-es-ntwitter-node-modules-keygrip.lock
546 silly lockFile 58803233--cache-keygrip-0-2-4-package-tgz tar://C:\Users\HARADA\AppData\Roaming\npm-cache\keygrip\0.2.4\package.tgz
547 verbose lock tar://C:\Users\HARADA\AppData\Roaming\npm-cache\keygrip\0.2.4\package.tgz C:\Users\HARADA\AppData\Roaming\npm-cache\58803233--cache-keygrip-0-2-4-package-tgz.lock
548 verbose tar unpack C:\Users\HARADA\AppData\Roaming\npm-cache\oauth\0.9.10\package.tgz
549 silly lockFile 7b11e7fb-ules-ntwitter-node-modules-oauth tar://C:\Users\HARADA\Dropbox\0-1.github.io.js\chimanaco.github.io\threejs\nodejs\SampleApp\node_modules\ntwitter\node_modules\oauth
550 verbose lock tar://C:\Users\HARADA\Dropbox\0-1.github.io.js\chimanaco.github.io\threejs\nodejs\SampleApp\node_modules\ntwitter\node_modules\oauth C:\Users\HARADA\AppData\Roaming\npm-cache\7b11e7fb-ules-ntwitter-node-modules-oauth.lock
551 silly lockFile 967a7868-m-cache-oauth-0-9-10-package-tgz tar://C:\Users\HARADA\AppData\Roaming\npm-cache\oauth\0.9.10\package.tgz
552 verbose lock tar://C:\Users\HARADA\AppData\Roaming\npm-cache\oauth\0.9.10\package.tgz C:\Users\HARADA\AppData\Roaming\npm-cache\967a7868-m-cache-oauth-0-9-10-package-tgz.lock
553 silly gunzTarPerm modes [ '755', '644' ]
554 silly gunzTarPerm modes [ '755', '644' ]
555 silly gunzTarPerm modes [ '755', '644' ]
556 silly gunzTarPerm extractEntry package.json
557 silly gunzTarPerm modified mode [ 'package.json', 438, 420 ]
558 silly gunzTarPerm extractEntry package.json
559 silly gunzTarPerm modified mode [ 'package.json', 438, 420 ]
560 silly gunzTarPerm extractEntry package.json
561 silly gunzTarPerm modified mode [ 'package.json', 438, 420 ]
562 silly gunzTarPerm extractEntry .npmignore
563 silly gunzTarPerm modified mode [ '.npmignore', 438, 420 ]
564 silly gunzTarPerm extractEntry README.md
565 silly gunzTarPerm modified mode [ 'README.md', 438, 420 ]
566 silly gunzTarPerm extractEntry README.md
567 silly gunzTarPerm modified mode [ 'README.md', 438, 420 ]
568 silly gunzTarPerm extractEntry index.js
569 silly gunzTarPerm modified mode [ 'index.js', 438, 420 ]
570 silly gunzTarPerm extractEntry .npmignore
571 silly gunzTarPerm modified mode [ '.npmignore', 438, 420 ]
572 silly gunzTarPerm extractEntry LICENSE
573 silly gunzTarPerm modified mode [ 'LICENSE', 438, 420 ]
574 silly gunzTarPerm extractEntry index.js
575 silly gunzTarPerm modified mode [ 'index.js', 438, 420 ]
576 silly gunzTarPerm extractEntry install.js
577 silly gunzTarPerm modified mode [ 'install.js', 438, 420 ]
578 silly gunzTarPerm extractEntry test.js
579 silly gunzTarPerm modified mode [ 'test.js', 438, 420 ]
580 silly gunzTarPerm extractEntry lib/cookies.js
581 silly gunzTarPerm modified mode [ 'lib/cookies.js', 438, 420 ]
582 silly gunzTarPerm extractEntry index.js
583 silly gunzTarPerm modified mode [ 'index.js', 438, 420 ]
584 silly gunzTarPerm extractEntry examples/term.ie.oauth-HMAC-SHA1.js
585 silly gunzTarPerm modified mode [ 'examples/term.ie.oauth-HMAC-SHA1.js', 438, 420 ]
586 silly gunzTarPerm extractEntry test.js
587 silly gunzTarPerm modified mode [ 'test.js', 438, 420 ]
588 silly gunzTarPerm extractEntry .travis.yml
589 silly gunzTarPerm modified mode [ '.travis.yml', 438, 420 ]
590 silly gunzTarPerm extractEntry examples/express-gdata/server.js
591 silly gunzTarPerm modified mode [ 'examples/express-gdata/server.js', 438, 420 ]
592 silly gunzTarPerm extractEntry examples/express-gdata/views/google_calendars.ejs
593 silly gunzTarPerm modified mode [ 'examples/express-gdata/views/google_calendars.ejs', 438, 420 ]
594 silly gunzTarPerm extractEntry LICENSE.txt
595 silly gunzTarPerm modified mode [ 'LICENSE.txt', 438, 420 ]
596 silly gunzTarPerm extractEntry LICENSE.txt
597 silly gunzTarPerm modified mode [ 'LICENSE.txt', 438, 420 ]
598 silly gunzTarPerm extractEntry examples/express-gdata/views/google_contacts.ejs
599 silly gunzTarPerm modified mode [ 'examples/express-gdata/views/google_contacts.ejs', 438, 420 ]
600 silly gunzTarPerm extractEntry examples/express-gdata/views/layout.ejs
601 silly gunzTarPerm modified mode [ 'examples/express-gdata/views/layout.ejs', 438, 420 ]
602 silly gunzTarPerm extractEntry lib/oauth.js
603 silly gunzTarPerm modified mode [ 'lib/oauth.js', 438, 420 ]
604 verbose read json C:\Users\HARADA\Dropbox\0-1.github.io.js\chimanaco.github.io\threejs\nodejs\SampleApp\node_modules\ntwitter\node_modules\keygrip\package.json
605 silly lockFile b9cad376-es-ntwitter-node-modules-keygrip tar://C:\Users\HARADA\Dropbox\0-1.github.io.js\chimanaco.github.io\threejs\nodejs\SampleApp\node_modules\ntwitter\node_modules\keygrip
606 silly lockFile b9cad376-es-ntwitter-node-modules-keygrip tar://C:\Users\HARADA\Dropbox\0-1.github.io.js\chimanaco.github.io\threejs\nodejs\SampleApp\node_modules\ntwitter\node_modules\keygrip
607 silly lockFile 58803233--cache-keygrip-0-2-4-package-tgz tar://C:\Users\HARADA\AppData\Roaming\npm-cache\keygrip\0.2.4\package.tgz
608 silly lockFile 58803233--cache-keygrip-0-2-4-package-tgz tar://C:\Users\HARADA\AppData\Roaming\npm-cache\keygrip\0.2.4\package.tgz
609 info preinstall keygrip@0.2.4
610 verbose from cache C:\Users\HARADA\Dropbox\0-1.github.io.js\chimanaco.github.io\threejs\nodejs\SampleApp\node_modules\ntwitter\node_modules\keygrip\package.json
611 verbose readDependencies using package.json deps
612 verbose from cache C:\Users\HARADA\Dropbox\0-1.github.io.js\chimanaco.github.io\threejs\nodejs\SampleApp\node_modules\ntwitter\node_modules\keygrip\package.json
613 verbose readDependencies using package.json deps
614 silly resolved []
615 verbose about to build C:\Users\HARADA\Dropbox\0-1.github.io.js\chimanaco.github.io\threejs\nodejs\SampleApp\node_modules\ntwitter\node_modules\keygrip
616 info build C:\Users\HARADA\Dropbox\0-1.github.io.js\chimanaco.github.io\threejs\nodejs\SampleApp\node_modules\ntwitter\node_modules\keygrip
617 verbose from cache C:\Users\HARADA\Dropbox\0-1.github.io.js\chimanaco.github.io\threejs\nodejs\SampleApp\node_modules\ntwitter\node_modules\keygrip\package.json
618 verbose linkStuff [ false,
618 verbose linkStuff   false,
618 verbose linkStuff   false,
618 verbose linkStuff   'C:\\Users\\HARADA\\Dropbox\\0-1.github.io.js\\chimanaco.github.io\\threejs\\nodejs\\SampleApp\\node_modules\\ntwitter\\node_modules' ]
619 info linkStuff keygrip@0.2.4
620 verbose from cache C:\Users\HARADA\Dropbox\0-1.github.io.js\chimanaco.github.io\threejs\nodejs\SampleApp\package.json
621 verbose linkBins keygrip@0.2.4
622 verbose linkMans keygrip@0.2.4
623 verbose rebuildBundles keygrip@0.2.4
624 info install keygrip@0.2.4
625 verbose unsafe-perm in lifecycle true
626 error Error: spawn ENOENT
626 error     at errnoException (child_process.js:980:11)
626 error     at Process.ChildProcess._handle.onexit (child_process.js:771:34)
627 error If you need help, you may report this log at:
627 error     <http://github.com/isaacs/npm/issues>
627 error or email it to:
627 error     <npm-@googlegroups.com>
628 error System Windows_NT 6.1.7601
629 error command "C:\\Program Files\\nodejs\\\\node.exe" "C:\\Program Files\\nodejs\\node_modules\\npm\\bin\\npm-cli.js" "install" "ntwitter"
630 error cwd C:\Users\HARADA\Dropbox\0-1.github.io.js\chimanaco.github.io\threejs\nodejs\SampleApp
631 error node -v v0.10.12
632 error npm -v 1.2.32
633 error syscall spawn
634 error code ENOENT
635 error errno ENOENT
636 verbose exit [ 1, true ]
